#
# There is insufficient memory for the Java Runtime Environment to continue.
# Native memory allocation (malloc) failed to allocate 1048576 bytes for AllocateHeap
# Possible reasons:
#   The system is out of physical RAM or swap space
#   The process is running with CompressedOops enabled, and the Java Heap may be blocking the growth of the native heap
# Possible solutions:
#   Reduce memory load on the system
#   Increase physical memory or swap space
#   Check if swap backing store is full
#   Decrease Java heap size (-Xmx/-Xms)
#   Decrease number of Java threads
#   Decrease Java thread stack sizes (-Xss)
#   Set larger code cache with -XX:ReservedCodeCacheSize=
#   JVM is running with Zero Based Compressed Oops mode in which the Java heap is
#     placed in the first 32GB address space. The Java Heap base address is the
#     maximum limit for the native heap growth. Please use -XX:HeapBaseMinAddress
#     to set the Java Heap base and to place the Java Heap above 32GB virtual address.
# This output file may be truncated or incomplete.
#
#  Out of Memory Error (t:/workspace/open/src/hotspot/share/memory/allocation.cpp:46), pid=15100, tid=8068
#
# JRE version: OpenJDK Runtime Environment (11.0.2+9) (build 11.0.2+9)
# Java VM: OpenJDK 64-Bit Server VM (11.0.2+9, mixed mode, tiered, compressed oops, g1 gc, windows-amd64)
# No core dump will be written. Minidumps are not enabled by default on client versions of Windows
#

---------------  S U M M A R Y ------------

Command Line: -XX:TieredStopAtLevel=1 -Xverify:none -Dspring.output.ansi.enabled=always -javaagent:C:\Program Files\IntelliJ IDEA 2021.1\lib\idea_rt.jar=55733:C:\Program Files\IntelliJ IDEA 2021.1\bin -Dcom.sun.management.jmxremote -Dspring.jmx.enabled=true -Dspring.liveBeansView.mbeanDomain -Dspring.application.admin.enabled=true -Dfile.encoding=UTF-8 com.amarin.urlshortenerapi.UrlShortenerApiApplication

Host: Intel(R) Core(TM) i7-4770S CPU @ 3.10GHz, 8 cores, 23G,  Windows 10 , 64 bit Build 19041 (10.0.19041.804)
Time: Tue Apr 20 19:12:20 2021 Œrodkowoeuropejski czas letni elapsed time: 2 seconds (0d 0h 0m 2s)

---------------  T H R E A D  ---------------

Current thread (0x000001cb7f7d6800):  VMThread "VM Thread" [stack: 0x0000000ba9b00000,0x0000000ba9c00000] [id=8068]

Stack: [0x0000000ba9b00000,0x0000000ba9c00000]
[error occurred during error reporting (printing stack bounds), id 0xc0000005, EXCEPTION_ACCESS_VIOLATION (0xc0000005) at pc=0x000001cb64470bad]

Native frames: (J=compiled Java code, j=interpreted, Vv=VM code, C=native code)
V  [jvm.dll+0x63489a]
V  [jvm.dll+0x771f9f]
V  [jvm.dll+0x773648]
V  [jvm.dll+0x773c65]
V  [jvm.dll+0x773c1b]
V  [jvm.dll+0x633fa6]
V  [jvm.dll+0x634368]
C  [ntdll.dll+0xa1f6f]
C  [ntdll.dll+0x51454]
C  [ntdll.dll+0xa0a9e]
C  0x000001cb64470bad

VM_Operation (0x0000000bab2fcea0): CollectForMetadataAllocation, mode: safepoint, requested by thread 0x000001cb06ad2800


---------------  P R O C E S S  ---------------

Threads class SMR info:
_java_thread_list=0x000001cb06ad1060, length=15, elements={
0x000001cb5a638000, 0x000001cb7f81e800, 0x000001cb7f823000, 0x000001cb7f87e800,
0x000001cb7f87f800, 0x000001cb7f881800, 0x000001cb7f88d800, 0x000001cb7f795000,
0x000001cb7f9c6000, 0x000001cb7f9c6800, 0x000001cb06294800, 0x000001cb06295800,
0x000001cb064cc800, 0x000001cb7f9c3800, 0x000001cb06ad2800
}

Java Threads: ( => current thread )
  0x000001cb5a638000 JavaThread "main" [_thread_blocked, id=22516, stack(0x0000000ba9500000,0x0000000ba9600000)]
  0x000001cb7f81e800 JavaThread "Reference Handler" daemon [_thread_blocked, id=24148, stack(0x0000000ba9c00000,0x0000000ba9d00000)]
  0x000001cb7f823000 JavaThread "Finalizer" daemon [_thread_blocked, id=6420, stack(0x0000000ba9d00000,0x0000000ba9e00000)]
  0x000001cb7f87e800 JavaThread "Signal Dispatcher" daemon [_thread_blocked, id=16724, stack(0x0000000ba9e00000,0x0000000ba9f00000)]
  0x000001cb7f87f800 JavaThread "Attach Listener" daemon [_thread_blocked, id=23948, stack(0x0000000ba9f00000,0x0000000baa000000)]
  0x000001cb7f881800 JavaThread "C1 CompilerThread0" daemon [_thread_blocked, id=23784, stack(0x0000000baa000000,0x0000000baa100000)]
  0x000001cb7f88d800 JavaThread "Sweeper thread" daemon [_thread_blocked, id=21888, stack(0x0000000baa100000,0x0000000baa200000)]
  0x000001cb7f795000 JavaThread "Common-Cleaner" daemon [_thread_blocked, id=11772, stack(0x0000000baa200000,0x0000000baa300000)]
  0x000001cb7f9c6000 JavaThread "C1 CompilerThread1" daemon [_thread_blocked, id=23860, stack(0x0000000baa300000,0x0000000baa400000)]
  0x000001cb7f9c6800 JavaThread "C1 CompilerThread2" daemon [_thread_blocked, id=15648, stack(0x0000000baa400000,0x0000000baa500000)]
  0x000001cb06294800 JavaThread "Monitor Ctrl-Break" daemon [_thread_in_native, id=19280, stack(0x0000000baa500000,0x0000000baa600000)]
  0x000001cb06295800 JavaThread "Service Thread" daemon [_thread_blocked, id=21312, stack(0x0000000baa600000,0x0000000baa700000)]
  0x000001cb064cc800 JavaThread "RMI TCP Accept-0" daemon [_thread_in_native, id=9660, stack(0x0000000baa700000,0x0000000baa800000)]
  0x000001cb7f9c3800 JavaThread "C1 CompilerThread3" daemon [_thread_blocked, id=18020, stack(0x0000000baa900000,0x0000000baaa00000)]
  0x000001cb06ad2800 JavaThread "background-preinit" [_thread_blocked, id=11908, stack(0x0000000bab200000,0x0000000bab300000)]

Other Threads:
=>0x000001cb7f7d6800 VMThread "VM Thread" [stack: 0x0000000ba9b00000,0x0000000ba9c00000] [id=8068]
  0x000001cb0651e000 WatcherThread [stack: 0x0000000baa800000,0x0000000baa900000] [id=23148]
  0x000001cb5a64d800 GCTaskThread "GC Thread#0" [stack: 0x0000000ba9600000,0x0000000ba9700000] [id=19452]
  0x000001cb06a90000 GCTaskThread "GC Thread#1" [stack: 0x0000000baaa00000,0x0000000baab00000] [id=11672]
  0x000001cb06a05000 GCTaskThread "GC Thread#2" [stack: 0x0000000baab00000,0x0000000baac00000] [id=21604]
  0x000001cb06a06000 GCTaskThread "GC Thread#3" [stack: 0x0000000baac00000,0x0000000baad00000] [id=18360]
  0x000001cb06a74000 GCTaskThread "GC Thread#4" [stack: 0x0000000baad00000,0x0000000baae00000] [id=808]
  0x000001cb06a74800 GCTaskThread "GC Thread#5" [stack: 0x0000000baae00000,0x0000000baaf00000] [id=22596]
  0x000001cb06a99000 GCTaskThread "GC Thread#6" [stack: 0x0000000baaf00000,0x0000000bab000000] [id=24472]
  0x000001cb06a9a000 GCTaskThread "GC Thread#7" [stack: 0x0000000bab000000,0x0000000bab100000] [id=23156]
  0x000001cb7c3fc000 ConcurrentGCThread "G1 Main Marker" [stack: 0x0000000ba9700000,0x0000000ba9800000] [id=12380]
  0x000001cb5a6c9000 ConcurrentGCThread "G1 Conc#0" [stack: 0x0000000ba9800000,0x0000000ba9900000] [id=19156]
  0x000001cb06a9b000 ConcurrentGCThread "G1 Conc#1" [stack: 0x0000000bab300000,0x0000000bab400000] [id=10280]
  0x000001cb7c58b000 ConcurrentGCThread "G1 Refine#0" [stack: 0x0000000ba9900000,0x0000000ba9a00000] [id=21980]
  0x000001cb06aad800 ConcurrentGCThread "G1 Refine#1" [stack: 0x0000000bab100000,0x0000000bab200000] [id=19564]
  0x000001cb7c58c000 ConcurrentGCThread "G1 Young RemSet Sampling" [stack: 0x0000000ba9a00000,0x0000000ba9b00000] [id=12552]

Threads with active compile tasks:

VM state:at safepoint (normal execution)

VM Mutex/Monitor currently owned by a thread:  ([mutex/lock_event])
[0x000001cb5a613ea0] Threads_lock - owner thread: 0x000001cb7f7d6800
[0x000001cb5a614950] Heap_lock - owner thread: 0x000001cb06ad2800

Heap address: 0x0000000681e00000, size: 6114 MB, Compressed Oops mode: Zero based, Oop shift amount: 3
Narrow klass base: 0x0000000800000000, Narrow klass shift: 0
Compressed class space size: 1073741824 Address: 0x0000000800000000

Heap:
 garbage-first heap   total 393216K, used 8988K [0x0000000681e00000, 0x0000000800000000)
  region size 1024K, 5 young (5120K), 5 survivors (5120K)
 Metaspace       used 18755K, capacity 19220K, committed 19328K, reserved 1079296K
  class space    used 2173K, capacity 2357K, committed 2432K, reserved 1048576K
Heap Regions: E=young(eden), S=young(survivor), O=old, HS=humongous(starts), HC=humongous(continues), CS=collection set, F=free, A=archive, TAMS=top-at-mark-start (previous, next)
|   0|0x0000000681e00000, 0x0000000681f00000, 0x0000000681f00000|100%|HS|  |TAMS 0x0000000681e00000, 0x0000000681f00000| Complete 
|   1|0x0000000681f00000, 0x0000000682000000, 0x0000000682000000|100%| O|  |TAMS 0x0000000681f00000, 0x0000000682000000| Untracked 
|   2|0x0000000682000000, 0x0000000682100000, 0x0000000682100000|100%| O|  |TAMS 0x0000000682000000, 0x0000000682100000| Untracked 
|   3|0x0000000682100000, 0x0000000682200000, 0x0000000682200000|100%| O|  |TAMS 0x0000000682100000, 0x0000000682200000| Untracked 
|   4|0x0000000682200000, 0x0000000682263800, 0x0000000682300000| 38%| O|  |TAMS 0x0000000682200000, 0x0000000682263800| Untracked 
|   5|0x0000000682300000, 0x0000000682300000, 0x0000000682400000|  0%| F|  |TAMS 0x0000000682300000, 0x0000000682300000| Untracked 
|   6|0x0000000682400000, 0x0000000682400000, 0x0000000682500000|  0%| F|  |TAMS 0x0000000682400000, 0x0000000682400000| Untracked 
|   7|0x0000000682500000, 0x0000000682500000, 0x0000000682600000|  0%| F|  |TAMS 0x0000000682500000, 0x0000000682500000| Untracked 
|   8|0x0000000682600000, 0x0000000682600000, 0x0000000682700000|  0%| F|  |TAMS 0x0000000682600000, 0x0000000682600000| Untracked 
|   9|0x0000000682700000, 0x0000000682700000, 0x0000000682800000|  0%| F|  |TAMS 0x0000000682700000, 0x0000000682700000| Untracked 
|  10|0x0000000682800000, 0x0000000682800000, 0x0000000682900000|  0%| F|  |TAMS 0x0000000682800000, 0x0000000682800000| Untracked 
|  11|0x0000000682900000, 0x0000000682900000, 0x0000000682a00000|  0%| F|  |TAMS 0x0000000682900000, 0x0000000682900000| Untracked 
|  12|0x0000000682a00000, 0x0000000682a00000, 0x0000000682b00000|  0%| F|  |TAMS 0x0000000682a00000, 0x0000000682a00000| Untracked 
|  13|0x0000000682b00000, 0x0000000682b00000, 0x0000000682c00000|  0%| F|  |TAMS 0x0000000682b00000, 0x0000000682b00000| Untracked 
|  14|0x0000000682c00000, 0x0000000682c00000, 0x0000000682d00000|  0%| F|  |TAMS 0x0000000682c00000, 0x0000000682c00000| Untracked 
|  15|0x0000000682d00000, 0x0000000682d00000, 0x0000000682e00000|  0%| F|  |TAMS 0x0000000682d00000, 0x0000000682d00000| Untracked 
|  16|0x0000000682e00000, 0x0000000682e00000, 0x0000000682f00000|  0%| F|  |TAMS 0x0000000682e00000, 0x0000000682e00000| Untracked 
|  17|0x0000000682f00000, 0x0000000682f00000, 0x0000000683000000|  0%| F|  |TAMS 0x0000000682f00000, 0x0000000682f00000| Untracked 
|  18|0x0000000683000000, 0x0000000683000000, 0x0000000683100000|  0%| F|  |TAMS 0x0000000683000000, 0x0000000683000000| Untracked 
|  19|0x0000000683100000, 0x0000000683100000, 0x0000000683200000|  0%| F|  |TAMS 0x0000000683100000, 0x0000000683100000| Untracked 
|  20|0x0000000683200000, 0x0000000683200000, 0x0000000683300000|  0%| F|  |TAMS 0x0000000683200000, 0x0000000683200000| Untracked 
|  21|0x0000000683300000, 0x0000000683300000, 0x0000000683400000|  0%| F|  |TAMS 0x0000000683300000, 0x0000000683300000| Untracked 
|  22|0x0000000683400000, 0x0000000683400000, 0x0000000683500000|  0%| F|  |TAMS 0x0000000683400000, 0x0000000683400000| Untracked 
|  23|0x0000000683500000, 0x0000000683500000, 0x0000000683600000|  0%| F|  |TAMS 0x0000000683500000, 0x0000000683500000| Untracked 
|  24|0x0000000683600000, 0x0000000683600000, 0x0000000683700000|  0%| F|  |TAMS 0x0000000683600000, 0x0000000683600000| Untracked 
|  25|0x0000000683700000, 0x0000000683700000, 0x0000000683800000|  0%| F|  |TAMS 0x0000000683700000, 0x0000000683700000| Untracked 
|  26|0x0000000683800000, 0x0000000683800000, 0x0000000683900000|  0%| F|  |TAMS 0x0000000683800000, 0x0000000683800000| Untracked 
|  27|0x0000000683900000, 0x0000000683900000, 0x0000000683a00000|  0%| F|  |TAMS 0x0000000683900000, 0x0000000683900000| Untracked 
|  28|0x0000000683a00000, 0x0000000683a00000, 0x0000000683b00000|  0%| F|  |TAMS 0x0000000683a00000, 0x0000000683a00000| Untracked 
|  29|0x0000000683b00000, 0x0000000683b00000, 0x0000000683c00000|  0%| F|  |TAMS 0x0000000683b00000, 0x0000000683b00000| Untracked 
|  30|0x0000000683c00000, 0x0000000683c00000, 0x0000000683d00000|  0%| F|  |TAMS 0x0000000683c00000, 0x0000000683c00000| Untracked 
|  31|0x0000000683d00000, 0x0000000683d00000, 0x0000000683e00000|  0%| F|  |TAMS 0x0000000683d00000, 0x0000000683d00000| Untracked 
|  32|0x0000000683e00000, 0x0000000683e00000, 0x0000000683f00000|  0%| F|  |TAMS 0x0000000683e00000, 0x0000000683e00000| Untracked 
|  33|0x0000000683f00000, 0x0000000683f00000, 0x0000000684000000|  0%| F|  |TAMS 0x0000000683f00000, 0x0000000683f00000| Untracked 
|  34|0x0000000684000000, 0x0000000684000000, 0x0000000684100000|  0%| F|  |TAMS 0x0000000684000000, 0x0000000684000000| Untracked 
|  35|0x0000000684100000, 0x0000000684100000, 0x0000000684200000|  0%| F|  |TAMS 0x0000000684100000, 0x0000000684100000| Untracked 
|  36|0x0000000684200000, 0x0000000684200000, 0x0000000684300000|  0%| F|  |TAMS 0x0000000684200000, 0x0000000684200000| Untracked 
|  37|0x0000000684300000, 0x0000000684300000, 0x0000000684400000|  0%| F|  |TAMS 0x0000000684300000, 0x0000000684300000| Untracked 
|  38|0x0000000684400000, 0x0000000684400000, 0x0000000684500000|  0%| F|  |TAMS 0x0000000684400000, 0x0000000684400000| Untracked 
|  39|0x0000000684500000, 0x0000000684500000, 0x0000000684600000|  0%| F|  |TAMS 0x0000000684500000, 0x0000000684500000| Untracked 
|  40|0x0000000684600000, 0x0000000684600000, 0x0000000684700000|  0%| F|  |TAMS 0x0000000684600000, 0x0000000684600000| Untracked 
|  41|0x0000000684700000, 0x0000000684700000, 0x0000000684800000|  0%| F|  |TAMS 0x0000000684700000, 0x0000000684700000| Untracked 
|  42|0x0000000684800000, 0x0000000684800000, 0x0000000684900000|  0%| F|  |TAMS 0x0000000684800000, 0x0000000684800000| Untracked 
|  43|0x0000000684900000, 0x0000000684900000, 0x0000000684a00000|  0%| F|  |TAMS 0x0000000684900000, 0x0000000684900000| Untracked 
|  44|0x0000000684a00000, 0x0000000684a00000, 0x0000000684b00000|  0%| F|  |TAMS 0x0000000684a00000, 0x0000000684a00000| Untracked 
|  45|0x0000000684b00000, 0x0000000684b00000, 0x0000000684c00000|  0%| F|  |TAMS 0x0000000684b00000, 0x0000000684b00000| Untracked 
|  46|0x0000000684c00000, 0x0000000684c00000, 0x0000000684d00000|  0%| F|  |TAMS 0x0000000684c00000, 0x0000000684c00000| Untracked 
|  47|0x0000000684d00000, 0x0000000684d00000, 0x0000000684e00000|  0%| F|  |TAMS 0x0000000684d00000, 0x0000000684d00000| Untracked 
|  48|0x0000000684e00000, 0x0000000684e00000, 0x0000000684f00000|  0%| F|  |TAMS 0x0000000684e00000, 0x0000000684e00000| Untracked 
|  49|0x0000000684f00000, 0x0000000684f00000, 0x0000000685000000|  0%| F|  |TAMS 0x0000000684f00000, 0x0000000684f00000| Untracked 
|  50|0x0000000685000000, 0x0000000685000000, 0x0000000685100000|  0%| F|  |TAMS 0x0000000685000000, 0x0000000685000000| Untracked 
|  51|0x0000000685100000, 0x0000000685100000, 0x0000000685200000|  0%| F|  |TAMS 0x0000000685100000, 0x0000000685100000| Untracked 
|  52|0x0000000685200000, 0x0000000685200000, 0x0000000685300000|  0%| F|  |TAMS 0x0000000685200000, 0x0000000685200000| Untracked 
|  53|0x0000000685300000, 0x0000000685300000, 0x0000000685400000|  0%| F|  |TAMS 0x0000000685300000, 0x0000000685300000| Untracked 
|  54|0x0000000685400000, 0x0000000685400000, 0x0000000685500000|  0%| F|  |TAMS 0x0000000685400000, 0x0000000685400000| Untracked 
|  55|0x0000000685500000, 0x0000000685500000, 0x0000000685600000|  0%| F|  |TAMS 0x0000000685500000, 0x0000000685500000| Untracked 
|  56|0x0000000685600000, 0x0000000685600000, 0x0000000685700000|  0%| F|  |TAMS 0x0000000685600000, 0x0000000685600000| Untracked 
|  57|0x0000000685700000, 0x0000000685700000, 0x0000000685800000|  0%| F|  |TAMS 0x0000000685700000, 0x0000000685700000| Untracked 
|  58|0x0000000685800000, 0x0000000685800000, 0x0000000685900000|  0%| F|  |TAMS 0x0000000685800000, 0x0000000685800000| Untracked 
|  59|0x0000000685900000, 0x0000000685900000, 0x0000000685a00000|  0%| F|  |TAMS 0x0000000685900000, 0x0000000685900000| Untracked 
|  60|0x0000000685a00000, 0x0000000685a00000, 0x0000000685b00000|  0%| F|  |TAMS 0x0000000685a00000, 0x0000000685a00000| Untracked 
|  61|0x0000000685b00000, 0x0000000685b00000, 0x0000000685c00000|  0%| F|  |TAMS 0x0000000685b00000, 0x0000000685b00000| Untracked 
|  62|0x0000000685c00000, 0x0000000685c00000, 0x0000000685d00000|  0%| F|  |TAMS 0x0000000685c00000, 0x0000000685c00000| Untracked 
|  63|0x0000000685d00000, 0x0000000685d00000, 0x0000000685e00000|  0%| F|  |TAMS 0x0000000685d00000, 0x0000000685d00000| Untracked 
|  64|0x0000000685e00000, 0x0000000685e00000, 0x0000000685f00000|  0%| F|  |TAMS 0x0000000685e00000, 0x0000000685e00000| Untracked 
|  65|0x0000000685f00000, 0x0000000685f00000, 0x0000000686000000|  0%| F|  |TAMS 0x0000000685f00000, 0x0000000685f00000| Untracked 
|  66|0x0000000686000000, 0x0000000686000000, 0x0000000686100000|  0%| F|  |TAMS 0x0000000686000000, 0x0000000686000000| Untracked 
|  67|0x0000000686100000, 0x0000000686100000, 0x0000000686200000|  0%| F|  |TAMS 0x0000000686100000, 0x0000000686100000| Untracked 
|  68|0x0000000686200000, 0x0000000686200000, 0x0000000686300000|  0%| F|  |TAMS 0x0000000686200000, 0x0000000686200000| Untracked 
|  69|0x0000000686300000, 0x0000000686300000, 0x0000000686400000|  0%| F|  |TAMS 0x0000000686300000, 0x0000000686300000| Untracked 
|  70|0x0000000686400000, 0x0000000686400000, 0x0000000686500000|  0%| F|  |TAMS 0x0000000686400000, 0x0000000686400000| Untracked 
|  71|0x0000000686500000, 0x0000000686500000, 0x0000000686600000|  0%| F|  |TAMS 0x0000000686500000, 0x0000000686500000| Untracked 
|  72|0x0000000686600000, 0x0000000686600000, 0x0000000686700000|  0%| F|  |TAMS 0x0000000686600000, 0x0000000686600000| Untracked 
|  73|0x0000000686700000, 0x0000000686700000, 0x0000000686800000|  0%| F|  |TAMS 0x0000000686700000, 0x0000000686700000| Untracked 
|  74|0x0000000686800000, 0x0000000686800000, 0x0000000686900000|  0%| F|  |TAMS 0x0000000686800000, 0x0000000686800000| Untracked 
|  75|0x0000000686900000, 0x0000000686900000, 0x0000000686a00000|  0%| F|  |TAMS 0x0000000686900000, 0x0000000686900000| Untracked 
|  76|0x0000000686a00000, 0x0000000686a00000, 0x0000000686b00000|  0%| F|  |TAMS 0x0000000686a00000, 0x0000000686a00000| Untracked 
|  77|0x0000000686b00000, 0x0000000686b00000, 0x0000000686c00000|  0%| F|  |TAMS 0x0000000686b00000, 0x0000000686b00000| Untracked 
|  78|0x0000000686c00000, 0x0000000686c00000, 0x0000000686d00000|  0%| F|  |TAMS 0x0000000686c00000, 0x0000000686c00000| Untracked 
|  79|0x0000000686d00000, 0x0000000686d00000, 0x0000000686e00000|  0%| F|  |TAMS 0x0000000686d00000, 0x0000000686d00000| Untracked 
|  80|0x0000000686e00000, 0x0000000686e00000, 0x0000000686f00000|  0%| F|  |TAMS 0x0000000686e00000, 0x0000000686e00000| Untracked 
|  81|0x0000000686f00000, 0x0000000686f00000, 0x0000000687000000|  0%| F|  |TAMS 0x0000000686f00000, 0x0000000686f00000| Untracked 
|  82|0x0000000687000000, 0x0000000687000000, 0x0000000687100000|  0%| F|  |TAMS 0x0000000687000000, 0x0000000687000000| Untracked 
|  83|0x0000000687100000, 0x0000000687100000, 0x0000000687200000|  0%| F|  |TAMS 0x0000000687100000, 0x0000000687100000| Untracked 
|  84|0x0000000687200000, 0x0000000687200000, 0x0000000687300000|  0%| F|  |TAMS 0x0000000687200000, 0x0000000687200000| Untracked 
|  85|0x0000000687300000, 0x0000000687300000, 0x0000000687400000|  0%| F|  |TAMS 0x0000000687300000, 0x0000000687300000| Untracked 
|  86|0x0000000687400000, 0x0000000687400000, 0x0000000687500000|  0%| F|  |TAMS 0x0000000687400000, 0x0000000687400000| Untracked 
|  87|0x0000000687500000, 0x0000000687500000, 0x0000000687600000|  0%| F|  |TAMS 0x0000000687500000, 0x0000000687500000| Untracked 
|  88|0x0000000687600000, 0x0000000687600000, 0x0000000687700000|  0%| F|  |TAMS 0x0000000687600000, 0x0000000687600000| Untracked 
|  89|0x0000000687700000, 0x0000000687700000, 0x0000000687800000|  0%| F|  |TAMS 0x0000000687700000, 0x0000000687700000| Untracked 
|  90|0x0000000687800000, 0x0000000687800000, 0x0000000687900000|  0%| F|  |TAMS 0x0000000687800000, 0x0000000687800000| Untracked 
|  91|0x0000000687900000, 0x0000000687900000, 0x0000000687a00000|  0%| F|  |TAMS 0x0000000687900000, 0x0000000687900000| Untracked 
|  92|0x0000000687a00000, 0x0000000687a00000, 0x0000000687b00000|  0%| F|  |TAMS 0x0000000687a00000, 0x0000000687a00000| Untracked 
|  93|0x0000000687b00000, 0x0000000687b00000, 0x0000000687c00000|  0%| F|  |TAMS 0x0000000687b00000, 0x0000000687b00000| Untracked 
|  94|0x0000000687c00000, 0x0000000687c00000, 0x0000000687d00000|  0%| F|  |TAMS 0x0000000687c00000, 0x0000000687c00000| Untracked 
|  95|0x0000000687d00000, 0x0000000687d00000, 0x0000000687e00000|  0%| F|  |TAMS 0x0000000687d00000, 0x0000000687d00000| Untracked 
|  96|0x0000000687e00000, 0x0000000687e00000, 0x0000000687f00000|  0%| F|  |TAMS 0x0000000687e00000, 0x0000000687e00000| Untracked 
|  97|0x0000000687f00000, 0x0000000687f00000, 0x0000000688000000|  0%| F|  |TAMS 0x0000000687f00000, 0x0000000687f00000| Untracked 
|  98|0x0000000688000000, 0x0000000688000000, 0x0000000688100000|  0%| F|  |TAMS 0x0000000688000000, 0x0000000688000000| Untracked 
|  99|0x0000000688100000, 0x0000000688100000, 0x0000000688200000|  0%| F|  |TAMS 0x0000000688100000, 0x0000000688100000| Untracked 
| 100|0x0000000688200000, 0x0000000688200000, 0x0000000688300000|  0%| F|  |TAMS 0x0000000688200000, 0x0000000688200000| Untracked 
| 101|0x0000000688300000, 0x0000000688300000, 0x0000000688400000|  0%| F|  |TAMS 0x0000000688300000, 0x0000000688300000| Untracked 
| 102|0x0000000688400000, 0x0000000688400000, 0x0000000688500000|  0%| F|  |TAMS 0x0000000688400000, 0x0000000688400000| Untracked 
| 103|0x0000000688500000, 0x0000000688500000, 0x0000000688600000|  0%| F|  |TAMS 0x0000000688500000, 0x0000000688500000| Untracked 
| 104|0x0000000688600000, 0x0000000688600000, 0x0000000688700000|  0%| F|  |TAMS 0x0000000688600000, 0x0000000688600000| Untracked 
| 105|0x0000000688700000, 0x0000000688700000, 0x0000000688800000|  0%| F|  |TAMS 0x0000000688700000, 0x0000000688700000| Untracked 
| 106|0x0000000688800000, 0x0000000688800000, 0x0000000688900000|  0%| F|  |TAMS 0x0000000688800000, 0x0000000688800000| Untracked 
| 107|0x0000000688900000, 0x0000000688900000, 0x0000000688a00000|  0%| F|  |TAMS 0x0000000688900000, 0x0000000688900000| Untracked 
| 108|0x0000000688a00000, 0x0000000688a00000, 0x0000000688b00000|  0%| F|  |TAMS 0x0000000688a00000, 0x0000000688a00000| Untracked 
| 109|0x0000000688b00000, 0x0000000688b00000, 0x0000000688c00000|  0%| F|  |TAMS 0x0000000688b00000, 0x0000000688b00000| Untracked 
| 110|0x0000000688c00000, 0x0000000688c00000, 0x0000000688d00000|  0%| F|  |TAMS 0x0000000688c00000, 0x0000000688c00000| Untracked 
| 111|0x0000000688d00000, 0x0000000688d00000, 0x0000000688e00000|  0%| F|  |TAMS 0x0000000688d00000, 0x0000000688d00000| Untracked 
| 112|0x0000000688e00000, 0x0000000688e00000, 0x0000000688f00000|  0%| F|  |TAMS 0x0000000688e00000, 0x0000000688e00000| Untracked 
| 113|0x0000000688f00000, 0x0000000688f00000, 0x0000000689000000|  0%| F|  |TAMS 0x0000000688f00000, 0x0000000688f00000| Untracked 
| 114|0x0000000689000000, 0x0000000689000000, 0x0000000689100000|  0%| F|  |TAMS 0x0000000689000000, 0x0000000689000000| Untracked 
| 115|0x0000000689100000, 0x0000000689100000, 0x0000000689200000|  0%| F|  |TAMS 0x0000000689100000, 0x0000000689100000| Untracked 
| 116|0x0000000689200000, 0x0000000689200000, 0x0000000689300000|  0%| F|  |TAMS 0x0000000689200000, 0x0000000689200000| Untracked 
| 117|0x0000000689300000, 0x0000000689300000, 0x0000000689400000|  0%| F|  |TAMS 0x0000000689300000, 0x0000000689300000| Untracked 
| 118|0x0000000689400000, 0x0000000689400000, 0x0000000689500000|  0%| F|  |TAMS 0x0000000689400000, 0x0000000689400000| Untracked 
| 119|0x0000000689500000, 0x0000000689500000, 0x0000000689600000|  0%| F|  |TAMS 0x0000000689500000, 0x0000000689500000| Untracked 
| 120|0x0000000689600000, 0x0000000689600000, 0x0000000689700000|  0%| F|  |TAMS 0x0000000689600000, 0x0000000689600000| Untracked 
| 121|0x0000000689700000, 0x0000000689700000, 0x0000000689800000|  0%| F|  |TAMS 0x0000000689700000, 0x0000000689700000| Untracked 
| 122|0x0000000689800000, 0x0000000689800000, 0x0000000689900000|  0%| F|  |TAMS 0x0000000689800000, 0x0000000689800000| Untracked 
| 123|0x0000000689900000, 0x0000000689900000, 0x0000000689a00000|  0%| F|  |TAMS 0x0000000689900000, 0x0000000689900000| Untracked 
| 124|0x0000000689a00000, 0x0000000689a00000, 0x0000000689b00000|  0%| F|  |TAMS 0x0000000689a00000, 0x0000000689a00000| Untracked 
| 125|0x0000000689b00000, 0x0000000689b00000, 0x0000000689c00000|  0%| F|  |TAMS 0x0000000689b00000, 0x0000000689b00000| Untracked 
| 126|0x0000000689c00000, 0x0000000689c00000, 0x0000000689d00000|  0%| F|  |TAMS 0x0000000689c00000, 0x0000000689c00000| Untracked 
| 127|0x0000000689d00000, 0x0000000689d00000, 0x0000000689e00000|  0%| F|  |TAMS 0x0000000689d00000, 0x0000000689d00000| Untracked 
| 128|0x0000000689e00000, 0x0000000689e00000, 0x0000000689f00000|  0%| F|  |TAMS 0x0000000689e00000, 0x0000000689e00000| Untracked 
| 129|0x0000000689f00000, 0x0000000689f00000, 0x000000068a000000|  0%| F|  |TAMS 0x0000000689f00000, 0x0000000689f00000| Untracked 
| 130|0x000000068a000000, 0x000000068a000000, 0x000000068a100000|  0%| F|  |TAMS 0x000000068a000000, 0x000000068a000000| Untracked 
| 131|0x000000068a100000, 0x000000068a100000, 0x000000068a200000|  0%| F|  |TAMS 0x000000068a100000, 0x000000068a100000| Untracked 
| 132|0x000000068a200000, 0x000000068a200000, 0x000000068a300000|  0%| F|  |TAMS 0x000000068a200000, 0x000000068a200000| Untracked 
| 133|0x000000068a300000, 0x000000068a300000, 0x000000068a400000|  0%| F|  |TAMS 0x000000068a300000, 0x000000068a300000| Untracked 
| 134|0x000000068a400000, 0x000000068a400000, 0x000000068a500000|  0%| F|  |TAMS 0x000000068a400000, 0x000000068a400000| Untracked 
| 135|0x000000068a500000, 0x000000068a500000, 0x000000068a600000|  0%| F|  |TAMS 0x000000068a500000, 0x000000068a500000| Untracked 
| 136|0x000000068a600000, 0x000000068a600000, 0x000000068a700000|  0%| F|  |TAMS 0x000000068a600000, 0x000000068a600000| Untracked 
| 137|0x000000068a700000, 0x000000068a700000, 0x000000068a800000|  0%| F|  |TAMS 0x000000068a700000, 0x000000068a700000| Untracked 
| 138|0x000000068a800000, 0x000000068a800000, 0x000000068a900000|  0%| F|  |TAMS 0x000000068a800000, 0x000000068a800000| Untracked 
| 139|0x000000068a900000, 0x000000068a900000, 0x000000068aa00000|  0%| F|  |TAMS 0x000000068a900000, 0x000000068a900000| Untracked 
| 140|0x000000068aa00000, 0x000000068aa00000, 0x000000068ab00000|  0%| F|  |TAMS 0x000000068aa00000, 0x000000068aa00000| Untracked 
| 141|0x000000068ab00000, 0x000000068ab00000, 0x000000068ac00000|  0%| F|  |TAMS 0x000000068ab00000, 0x000000068ab00000| Untracked 
| 142|0x000000068ac00000, 0x000000068ac00000, 0x000000068ad00000|  0%| F|  |TAMS 0x000000068ac00000, 0x000000068ac00000| Untracked 
| 143|0x000000068ad00000, 0x000000068ad00000, 0x000000068ae00000|  0%| F|  |TAMS 0x000000068ad00000, 0x000000068ad00000| Untracked 
| 144|0x000000068ae00000, 0x000000068ae00000, 0x000000068af00000|  0%| F|  |TAMS 0x000000068ae00000, 0x000000068ae00000| Untracked 
| 145|0x000000068af00000, 0x000000068af00000, 0x000000068b000000|  0%| F|  |TAMS 0x000000068af00000, 0x000000068af00000| Untracked 
| 146|0x000000068b000000, 0x000000068b000000, 0x000000068b100000|  0%| F|  |TAMS 0x000000068b000000, 0x000000068b000000| Untracked 
| 147|0x000000068b100000, 0x000000068b100000, 0x000000068b200000|  0%| F|  |TAMS 0x000000068b100000, 0x000000068b100000| Untracked 
| 148|0x000000068b200000, 0x000000068b200000, 0x000000068b300000|  0%| F|  |TAMS 0x000000068b200000, 0x000000068b200000| Untracked 
| 149|0x000000068b300000, 0x000000068b300000, 0x000000068b400000|  0%| F|  |TAMS 0x000000068b300000, 0x000000068b300000| Untracked 
| 150|0x000000068b400000, 0x000000068b400000, 0x000000068b500000|  0%| F|  |TAMS 0x000000068b400000, 0x000000068b400000| Untracked 
| 151|0x000000068b500000, 0x000000068b500000, 0x000000068b600000|  0%| F|  |TAMS 0x000000068b500000, 0x000000068b500000| Untracked 
| 152|0x000000068b600000, 0x000000068b600000, 0x000000068b700000|  0%| F|  |TAMS 0x000000068b600000, 0x000000068b600000| Untracked 
| 153|0x000000068b700000, 0x000000068b700000, 0x000000068b800000|  0%| F|  |TAMS 0x000000068b700000, 0x000000068b700000| Untracked 
| 154|0x000000068b800000, 0x000000068b800000, 0x000000068b900000|  0%| F|  |TAMS 0x000000068b800000, 0x000000068b800000| Untracked 
| 155|0x000000068b900000, 0x000000068b900000, 0x000000068ba00000|  0%| F|  |TAMS 0x000000068b900000, 0x000000068b900000| Untracked 
| 156|0x000000068ba00000, 0x000000068ba00000, 0x000000068bb00000|  0%| F|  |TAMS 0x000000068ba00000, 0x000000068ba00000| Untracked 
| 157|0x000000068bb00000, 0x000000068bb00000, 0x000000068bc00000|  0%| F|  |TAMS 0x000000068bb00000, 0x000000068bb00000| Untracked 
| 158|0x000000068bc00000, 0x000000068bc00000, 0x000000068bd00000|  0%| F|  |TAMS 0x000000068bc00000, 0x000000068bc00000| Untracked 
| 159|0x000000068bd00000, 0x000000068bd00000, 0x000000068be00000|  0%| F|  |TAMS 0x000000068bd00000, 0x000000068bd00000| Untracked 
| 160|0x000000068be00000, 0x000000068be00000, 0x000000068bf00000|  0%| F|  |TAMS 0x000000068be00000, 0x000000068be00000| Untracked 
| 161|0x000000068bf00000, 0x000000068bf00000, 0x000000068c000000|  0%| F|  |TAMS 0x000000068bf00000, 0x000000068bf00000| Untracked 
| 162|0x000000068c000000, 0x000000068c000000, 0x000000068c100000|  0%| F|  |TAMS 0x000000068c000000, 0x000000068c000000| Untracked 
| 163|0x000000068c100000, 0x000000068c100000, 0x000000068c200000|  0%| F|  |TAMS 0x000000068c100000, 0x000000068c100000| Untracked 
| 164|0x000000068c200000, 0x000000068c200000, 0x000000068c300000|  0%| F|  |TAMS 0x000000068c200000, 0x000000068c200000| Untracked 
| 165|0x000000068c300000, 0x000000068c300000, 0x000000068c400000|  0%| F|  |TAMS 0x000000068c300000, 0x000000068c300000| Untracked 
| 166|0x000000068c400000, 0x000000068c400000, 0x000000068c500000|  0%| F|  |TAMS 0x000000068c400000, 0x000000068c400000| Untracked 
| 167|0x000000068c500000, 0x000000068c500000, 0x000000068c600000|  0%| F|  |TAMS 0x000000068c500000, 0x000000068c500000| Untracked 
| 168|0x000000068c600000, 0x000000068c600000, 0x000000068c700000|  0%| F|  |TAMS 0x000000068c600000, 0x000000068c600000| Untracked 
| 169|0x000000068c700000, 0x000000068c700000, 0x000000068c800000|  0%| F|  |TAMS 0x000000068c700000, 0x000000068c700000| Untracked 
| 170|0x000000068c800000, 0x000000068c800000, 0x000000068c900000|  0%| F|  |TAMS 0x000000068c800000, 0x000000068c800000| Untracked 
| 171|0x000000068c900000, 0x000000068c900000, 0x000000068ca00000|  0%| F|  |TAMS 0x000000068c900000, 0x000000068c900000| Untracked 
| 172|0x000000068ca00000, 0x000000068ca00000, 0x000000068cb00000|  0%| F|  |TAMS 0x000000068ca00000, 0x000000068ca00000| Untracked 
| 173|0x000000068cb00000, 0x000000068cb00000, 0x000000068cc00000|  0%| F|  |TAMS 0x000000068cb00000, 0x000000068cb00000| Untracked 
| 174|0x000000068cc00000, 0x000000068cc00000, 0x000000068cd00000|  0%| F|  |TAMS 0x000000068cc00000, 0x000000068cc00000| Untracked 
| 175|0x000000068cd00000, 0x000000068cd00000, 0x000000068ce00000|  0%| F|  |TAMS 0x000000068cd00000, 0x000000068cd00000| Untracked 
| 176|0x000000068ce00000, 0x000000068ce00000, 0x000000068cf00000|  0%| F|  |TAMS 0x000000068ce00000, 0x000000068ce00000| Untracked 
| 177|0x000000068cf00000, 0x000000068cf00000, 0x000000068d000000|  0%| F|  |TAMS 0x000000068cf00000, 0x000000068cf00000| Untracked 
| 178|0x000000068d000000, 0x000000068d000000, 0x000000068d100000|  0%| F|  |TAMS 0x000000068d000000, 0x000000068d000000| Untracked 
| 179|0x000000068d100000, 0x000000068d100000, 0x000000068d200000|  0%| F|  |TAMS 0x000000068d100000, 0x000000068d100000| Untracked 
| 180|0x000000068d200000, 0x000000068d200000, 0x000000068d300000|  0%| F|  |TAMS 0x000000068d200000, 0x000000068d200000| Untracked 
| 181|0x000000068d300000, 0x000000068d300000, 0x000000068d400000|  0%| F|  |TAMS 0x000000068d300000, 0x000000068d300000| Untracked 
| 182|0x000000068d400000, 0x000000068d400000, 0x000000068d500000|  0%| F|  |TAMS 0x000000068d400000, 0x000000068d400000| Untracked 
| 183|0x000000068d500000, 0x000000068d500000, 0x000000068d600000|  0%| F|  |TAMS 0x000000068d500000, 0x000000068d500000| Untracked 
| 184|0x000000068d600000, 0x000000068d600000, 0x000000068d700000|  0%| F|  |TAMS 0x000000068d600000, 0x000000068d600000| Untracked 
| 185|0x000000068d700000, 0x000000068d700000, 0x000000068d800000|  0%| F|  |TAMS 0x000000068d700000, 0x000000068d700000| Untracked 
| 186|0x000000068d800000, 0x000000068d800000, 0x000000068d900000|  0%| F|  |TAMS 0x000000068d800000, 0x000000068d800000| Untracked 
| 187|0x000000068d900000, 0x000000068d900000, 0x000000068da00000|  0%| F|  |TAMS 0x000000068d900000, 0x000000068d900000| Untracked 
| 188|0x000000068da00000, 0x000000068da00000, 0x000000068db00000|  0%| F|  |TAMS 0x000000068da00000, 0x000000068da00000| Untracked 
| 189|0x000000068db00000, 0x000000068db00000, 0x000000068dc00000|  0%| F|  |TAMS 0x000000068db00000, 0x000000068db00000| Untracked 
| 190|0x000000068dc00000, 0x000000068dc00000, 0x000000068dd00000|  0%| F|  |TAMS 0x000000068dc00000, 0x000000068dc00000| Untracked 
| 191|0x000000068dd00000, 0x000000068dd00000, 0x000000068de00000|  0%| F|  |TAMS 0x000000068dd00000, 0x000000068dd00000| Untracked 
| 192|0x000000068de00000, 0x000000068de00000, 0x000000068df00000|  0%| F|  |TAMS 0x000000068de00000, 0x000000068de00000| Untracked 
| 193|0x000000068df00000, 0x000000068df00000, 0x000000068e000000|  0%| F|  |TAMS 0x000000068df00000, 0x000000068df00000| Untracked 
| 194|0x000000068e000000, 0x000000068e000000, 0x000000068e100000|  0%| F|  |TAMS 0x000000068e000000, 0x000000068e000000| Untracked 
| 195|0x000000068e100000, 0x000000068e100000, 0x000000068e200000|  0%| F|  |TAMS 0x000000068e100000, 0x000000068e100000| Untracked 
| 196|0x000000068e200000, 0x000000068e200000, 0x000000068e300000|  0%| F|  |TAMS 0x000000068e200000, 0x000000068e200000| Untracked 
| 197|0x000000068e300000, 0x000000068e300000, 0x000000068e400000|  0%| F|  |TAMS 0x000000068e300000, 0x000000068e300000| Untracked 
| 198|0x000000068e400000, 0x000000068e400000, 0x000000068e500000|  0%| F|  |TAMS 0x000000068e400000, 0x000000068e400000| Untracked 
| 199|0x000000068e500000, 0x000000068e500000, 0x000000068e600000|  0%| F|  |TAMS 0x000000068e500000, 0x000000068e500000| Untracked 
| 200|0x000000068e600000, 0x000000068e600000, 0x000000068e700000|  0%| F|  |TAMS 0x000000068e600000, 0x000000068e600000| Untracked 
| 201|0x000000068e700000, 0x000000068e700000, 0x000000068e800000|  0%| F|  |TAMS 0x000000068e700000, 0x000000068e700000| Untracked 
| 202|0x000000068e800000, 0x000000068e800000, 0x000000068e900000|  0%| F|  |TAMS 0x000000068e800000, 0x000000068e800000| Untracked 
| 203|0x000000068e900000, 0x000000068e900000, 0x000000068ea00000|  0%| F|  |TAMS 0x000000068e900000, 0x000000068e900000| Untracked 
| 204|0x000000068ea00000, 0x000000068ea00000, 0x000000068eb00000|  0%| F|  |TAMS 0x000000068ea00000, 0x000000068ea00000| Untracked 
| 205|0x000000068eb00000, 0x000000068eb00000, 0x000000068ec00000|  0%| F|  |TAMS 0x000000068eb00000, 0x000000068eb00000| Untracked 
| 206|0x000000068ec00000, 0x000000068ec00000, 0x000000068ed00000|  0%| F|  |TAMS 0x000000068ec00000, 0x000000068ec00000| Untracked 
| 207|0x000000068ed00000, 0x000000068ed00000, 0x000000068ee00000|  0%| F|  |TAMS 0x000000068ed00000, 0x000000068ed00000| Untracked 
| 208|0x000000068ee00000, 0x000000068ee00000, 0x000000068ef00000|  0%| F|  |TAMS 0x000000068ee00000, 0x000000068ee00000| Untracked 
| 209|0x000000068ef00000, 0x000000068ef00000, 0x000000068f000000|  0%| F|  |TAMS 0x000000068ef00000, 0x000000068ef00000| Untracked 
| 210|0x000000068f000000, 0x000000068f000000, 0x000000068f100000|  0%| F|  |TAMS 0x000000068f000000, 0x000000068f000000| Untracked 
| 211|0x000000068f100000, 0x000000068f100000, 0x000000068f200000|  0%| F|  |TAMS 0x000000068f100000, 0x000000068f100000| Untracked 
| 212|0x000000068f200000, 0x000000068f200000, 0x000000068f300000|  0%| F|  |TAMS 0x000000068f200000, 0x000000068f200000| Untracked 
| 213|0x000000068f300000, 0x000000068f300000, 0x000000068f400000|  0%| F|  |TAMS 0x000000068f300000, 0x000000068f300000| Untracked 
| 214|0x000000068f400000, 0x000000068f400000, 0x000000068f500000|  0%| F|  |TAMS 0x000000068f400000, 0x000000068f400000| Untracked 
| 215|0x000000068f500000, 0x000000068f500000, 0x000000068f600000|  0%| F|  |TAMS 0x000000068f500000, 0x000000068f500000| Untracked 
| 216|0x000000068f600000, 0x000000068f600000, 0x000000068f700000|  0%| F|  |TAMS 0x000000068f600000, 0x000000068f600000| Untracked 
| 217|0x000000068f700000, 0x000000068f700000, 0x000000068f800000|  0%| F|  |TAMS 0x000000068f700000, 0x000000068f700000| Untracked 
| 218|0x000000068f800000, 0x000000068f800000, 0x000000068f900000|  0%| F|  |TAMS 0x000000068f800000, 0x000000068f800000| Untracked 
| 219|0x000000068f900000, 0x000000068f900000, 0x000000068fa00000|  0%| F|  |TAMS 0x000000068f900000, 0x000000068f900000| Untracked 
| 220|0x000000068fa00000, 0x000000068fa00000, 0x000000068fb00000|  0%| F|  |TAMS 0x000000068fa00000, 0x000000068fa00000| Untracked 
| 221|0x000000068fb00000, 0x000000068fb00000, 0x000000068fc00000|  0%| F|  |TAMS 0x000000068fb00000, 0x000000068fb00000| Untracked 
| 222|0x000000068fc00000, 0x000000068fc00000, 0x000000068fd00000|  0%| F|  |TAMS 0x000000068fc00000, 0x000000068fc00000| Untracked 
| 223|0x000000068fd00000, 0x000000068fd00000, 0x000000068fe00000|  0%| F|  |TAMS 0x000000068fd00000, 0x000000068fd00000| Untracked 
| 224|0x000000068fe00000, 0x000000068fe00000, 0x000000068ff00000|  0%| F|  |TAMS 0x000000068fe00000, 0x000000068fe00000| Untracked 
| 225|0x000000068ff00000, 0x000000068ff00000, 0x0000000690000000|  0%| F|  |TAMS 0x000000068ff00000, 0x000000068ff00000| Untracked 
| 226|0x0000000690000000, 0x0000000690000000, 0x0000000690100000|  0%| F|  |TAMS 0x0000000690000000, 0x0000000690000000| Untracked 
| 227|0x0000000690100000, 0x0000000690100000, 0x0000000690200000|  0%| F|  |TAMS 0x0000000690100000, 0x0000000690100000| Untracked 
| 228|0x0000000690200000, 0x0000000690200000, 0x0000000690300000|  0%| F|  |TAMS 0x0000000690200000, 0x0000000690200000| Untracked 
| 229|0x0000000690300000, 0x0000000690300000, 0x0000000690400000|  0%| F|  |TAMS 0x0000000690300000, 0x0000000690300000| Untracked 
| 230|0x0000000690400000, 0x0000000690400000, 0x0000000690500000|  0%| F|  |TAMS 0x0000000690400000, 0x0000000690400000| Untracked 
| 231|0x0000000690500000, 0x0000000690500000, 0x0000000690600000|  0%| F|  |TAMS 0x0000000690500000, 0x0000000690500000| Untracked 
| 232|0x0000000690600000, 0x0000000690600000, 0x0000000690700000|  0%| F|  |TAMS 0x0000000690600000, 0x0000000690600000| Untracked 
| 233|0x0000000690700000, 0x0000000690700000, 0x0000000690800000|  0%| F|  |TAMS 0x0000000690700000, 0x0000000690700000| Untracked 
| 234|0x0000000690800000, 0x0000000690800000, 0x0000000690900000|  0%| F|  |TAMS 0x0000000690800000, 0x0000000690800000| Untracked 
| 235|0x0000000690900000, 0x0000000690900000, 0x0000000690a00000|  0%| F|  |TAMS 0x0000000690900000, 0x0000000690900000| Untracked 
| 236|0x0000000690a00000, 0x0000000690a00000, 0x0000000690b00000|  0%| F|  |TAMS 0x0000000690a00000, 0x0000000690a00000| Untracked 
| 237|0x0000000690b00000, 0x0000000690b00000, 0x0000000690c00000|  0%| F|  |TAMS 0x0000000690b00000, 0x0000000690b00000| Untracked 
| 238|0x0000000690c00000, 0x0000000690c00000, 0x0000000690d00000|  0%| F|  |TAMS 0x0000000690c00000, 0x0000000690c00000| Untracked 
| 239|0x0000000690d00000, 0x0000000690d00000, 0x0000000690e00000|  0%| F|  |TAMS 0x0000000690d00000, 0x0000000690d00000| Untracked 
| 240|0x0000000690e00000, 0x0000000690e00000, 0x0000000690f00000|  0%| F|  |TAMS 0x0000000690e00000, 0x0000000690e00000| Untracked 
| 241|0x0000000690f00000, 0x0000000690f00000, 0x0000000691000000|  0%| F|  |TAMS 0x0000000690f00000, 0x0000000690f00000| Untracked 
| 242|0x0000000691000000, 0x0000000691000000, 0x0000000691100000|  0%| F|  |TAMS 0x0000000691000000, 0x0000000691000000| Untracked 
| 243|0x0000000691100000, 0x0000000691100000, 0x0000000691200000|  0%| F|  |TAMS 0x0000000691100000, 0x0000000691100000| Untracked 
| 244|0x0000000691200000, 0x0000000691200000, 0x0000000691300000|  0%| F|  |TAMS 0x0000000691200000, 0x0000000691200000| Untracked 
| 245|0x0000000691300000, 0x0000000691300000, 0x0000000691400000|  0%| F|  |TAMS 0x0000000691300000, 0x0000000691300000| Untracked 
| 246|0x0000000691400000, 0x0000000691400000, 0x0000000691500000|  0%| F|  |TAMS 0x0000000691400000, 0x0000000691400000| Untracked 
| 247|0x0000000691500000, 0x0000000691500000, 0x0000000691600000|  0%| F|  |TAMS 0x0000000691500000, 0x0000000691500000| Untracked 
| 248|0x0000000691600000, 0x0000000691600000, 0x0000000691700000|  0%| F|  |TAMS 0x0000000691600000, 0x0000000691600000| Untracked 
| 249|0x0000000691700000, 0x0000000691700000, 0x0000000691800000|  0%| F|  |TAMS 0x0000000691700000, 0x0000000691700000| Untracked 
| 250|0x0000000691800000, 0x0000000691800000, 0x0000000691900000|  0%| F|  |TAMS 0x0000000691800000, 0x0000000691800000| Untracked 
| 251|0x0000000691900000, 0x0000000691900000, 0x0000000691a00000|  0%| F|  |TAMS 0x0000000691900000, 0x0000000691900000| Untracked 
| 252|0x0000000691a00000, 0x0000000691a00000, 0x0000000691b00000|  0%| F|  |TAMS 0x0000000691a00000, 0x0000000691a00000| Untracked 
| 253|0x0000000691b00000, 0x0000000691b00000, 0x0000000691c00000|  0%| F|  |TAMS 0x0000000691b00000, 0x0000000691b00000| Untracked 
| 254|0x0000000691c00000, 0x0000000691c00000, 0x0000000691d00000|  0%| F|  |TAMS 0x0000000691c00000, 0x0000000691c00000| Untracked 
| 255|0x0000000691d00000, 0x0000000691d00000, 0x0000000691e00000|  0%| F|  |TAMS 0x0000000691d00000, 0x0000000691d00000| Untracked 
| 256|0x0000000691e00000, 0x0000000691e00000, 0x0000000691f00000|  0%| F|  |TAMS 0x0000000691e00000, 0x0000000691e00000| Untracked 
| 257|0x0000000691f00000, 0x0000000691f00000, 0x0000000692000000|  0%| F|  |TAMS 0x0000000691f00000, 0x0000000691f00000| Untracked 
| 258|0x0000000692000000, 0x0000000692000000, 0x0000000692100000|  0%| F|  |TAMS 0x0000000692000000, 0x0000000692000000| Untracked 
| 259|0x0000000692100000, 0x0000000692100000, 0x0000000692200000|  0%| F|  |TAMS 0x0000000692100000, 0x0000000692100000| Untracked 
| 260|0x0000000692200000, 0x0000000692200000, 0x0000000692300000|  0%| F|  |TAMS 0x0000000692200000, 0x0000000692200000| Untracked 
| 261|0x0000000692300000, 0x0000000692300000, 0x0000000692400000|  0%| F|  |TAMS 0x0000000692300000, 0x0000000692300000| Untracked 
| 262|0x0000000692400000, 0x0000000692400000, 0x0000000692500000|  0%| F|  |TAMS 0x0000000692400000, 0x0000000692400000| Untracked 
| 263|0x0000000692500000, 0x0000000692500000, 0x0000000692600000|  0%| F|  |TAMS 0x0000000692500000, 0x0000000692500000| Untracked 
| 264|0x0000000692600000, 0x0000000692600000, 0x0000000692700000|  0%| F|  |TAMS 0x0000000692600000, 0x0000000692600000| Untracked 
| 265|0x0000000692700000, 0x0000000692700000, 0x0000000692800000|  0%| F|  |TAMS 0x0000000692700000, 0x0000000692700000| Untracked 
| 266|0x0000000692800000, 0x0000000692800000, 0x0000000692900000|  0%| F|  |TAMS 0x0000000692800000, 0x0000000692800000| Untracked 
| 267|0x0000000692900000, 0x0000000692900000, 0x0000000692a00000|  0%| F|  |TAMS 0x0000000692900000, 0x0000000692900000| Untracked 
| 268|0x0000000692a00000, 0x0000000692a00000, 0x0000000692b00000|  0%| F|  |TAMS 0x0000000692a00000, 0x0000000692a00000| Untracked 
| 269|0x0000000692b00000, 0x0000000692b00000, 0x0000000692c00000|  0%| F|  |TAMS 0x0000000692b00000, 0x0000000692b00000| Untracked 
| 270|0x0000000692c00000, 0x0000000692c00000, 0x0000000692d00000|  0%| F|  |TAMS 0x0000000692c00000, 0x0000000692c00000| Untracked 
| 271|0x0000000692d00000, 0x0000000692d00000, 0x0000000692e00000|  0%| F|  |TAMS 0x0000000692d00000, 0x0000000692d00000| Untracked 
| 272|0x0000000692e00000, 0x0000000692e00000, 0x0000000692f00000|  0%| F|  |TAMS 0x0000000692e00000, 0x0000000692e00000| Untracked 
| 273|0x0000000692f00000, 0x0000000692f00000, 0x0000000693000000|  0%| F|  |TAMS 0x0000000692f00000, 0x0000000692f00000| Untracked 
| 274|0x0000000693000000, 0x0000000693000000, 0x0000000693100000|  0%| F|  |TAMS 0x0000000693000000, 0x0000000693000000| Untracked 
| 275|0x0000000693100000, 0x0000000693100000, 0x0000000693200000|  0%| F|  |TAMS 0x0000000693100000, 0x0000000693100000| Untracked 
| 276|0x0000000693200000, 0x0000000693200000, 0x0000000693300000|  0%| F|  |TAMS 0x0000000693200000, 0x0000000693200000| Untracked 
| 277|0x0000000693300000, 0x0000000693300000, 0x0000000693400000|  0%| F|  |TAMS 0x0000000693300000, 0x0000000693300000| Untracked 
| 278|0x0000000693400000, 0x0000000693400000, 0x0000000693500000|  0%| F|  |TAMS 0x0000000693400000, 0x0000000693400000| Untracked 
| 279|0x0000000693500000, 0x0000000693500000, 0x0000000693600000|  0%| F|  |TAMS 0x0000000693500000, 0x0000000693500000| Untracked 
| 280|0x0000000693600000, 0x0000000693600000, 0x0000000693700000|  0%| F|  |TAMS 0x0000000693600000, 0x0000000693600000| Untracked 
| 281|0x0000000693700000, 0x0000000693700000, 0x0000000693800000|  0%| F|  |TAMS 0x0000000693700000, 0x0000000693700000| Untracked 
| 282|0x0000000693800000, 0x0000000693800000, 0x0000000693900000|  0%| F|  |TAMS 0x0000000693800000, 0x0000000693800000| Untracked 
| 283|0x0000000693900000, 0x0000000693900000, 0x0000000693a00000|  0%| F|  |TAMS 0x0000000693900000, 0x0000000693900000| Untracked 
| 284|0x0000000693a00000, 0x0000000693a00000, 0x0000000693b00000|  0%| F|  |TAMS 0x0000000693a00000, 0x0000000693a00000| Untracked 
| 285|0x0000000693b00000, 0x0000000693b00000, 0x0000000693c00000|  0%| F|  |TAMS 0x0000000693b00000, 0x0000000693b00000| Untracked 
| 286|0x0000000693c00000, 0x0000000693c00000, 0x0000000693d00000|  0%| F|  |TAMS 0x0000000693c00000, 0x0000000693c00000| Untracked 
| 287|0x0000000693d00000, 0x0000000693d00000, 0x0000000693e00000|  0%| F|  |TAMS 0x0000000693d00000, 0x0000000693d00000| Untracked 
| 288|0x0000000693e00000, 0x0000000693e00000, 0x0000000693f00000|  0%| F|  |TAMS 0x0000000693e00000, 0x0000000693e00000| Untracked 
| 289|0x0000000693f00000, 0x0000000693f00000, 0x0000000694000000|  0%| F|  |TAMS 0x0000000693f00000, 0x0000000693f00000| Untracked 
| 290|0x0000000694000000, 0x0000000694000000, 0x0000000694100000|  0%| F|  |TAMS 0x0000000694000000, 0x0000000694000000| Untracked 
| 291|0x0000000694100000, 0x0000000694100000, 0x0000000694200000|  0%| F|  |TAMS 0x0000000694100000, 0x0000000694100000| Untracked 
| 292|0x0000000694200000, 0x0000000694200000, 0x0000000694300000|  0%| F|  |TAMS 0x0000000694200000, 0x0000000694200000| Untracked 
| 293|0x0000000694300000, 0x0000000694300000, 0x0000000694400000|  0%| F|  |TAMS 0x0000000694300000, 0x0000000694300000| Untracked 
| 294|0x0000000694400000, 0x0000000694400000, 0x0000000694500000|  0%| F|  |TAMS 0x0000000694400000, 0x0000000694400000| Untracked 
| 295|0x0000000694500000, 0x0000000694500000, 0x0000000694600000|  0%| F|  |TAMS 0x0000000694500000, 0x0000000694500000| Untracked 
| 296|0x0000000694600000, 0x0000000694600000, 0x0000000694700000|  0%| F|  |TAMS 0x0000000694600000, 0x0000000694600000| Untracked 
| 297|0x0000000694700000, 0x0000000694700000, 0x0000000694800000|  0%| F|  |TAMS 0x0000000694700000, 0x0000000694700000| Untracked 
| 298|0x0000000694800000, 0x0000000694800000, 0x0000000694900000|  0%| F|  |TAMS 0x0000000694800000, 0x0000000694800000| Untracked 
| 299|0x0000000694900000, 0x0000000694900000, 0x0000000694a00000|  0%| F|  |TAMS 0x0000000694900000, 0x0000000694900000| Untracked 
| 300|0x0000000694a00000, 0x0000000694a00000, 0x0000000694b00000|  0%| F|  |TAMS 0x0000000694a00000, 0x0000000694a00000| Untracked 
| 301|0x0000000694b00000, 0x0000000694b00000, 0x0000000694c00000|  0%| F|  |TAMS 0x0000000694b00000, 0x0000000694b00000| Untracked 
| 302|0x0000000694c00000, 0x0000000694c00000, 0x0000000694d00000|  0%| F|  |TAMS 0x0000000694c00000, 0x0000000694c00000| Untracked 
| 303|0x0000000694d00000, 0x0000000694d00000, 0x0000000694e00000|  0%| F|  |TAMS 0x0000000694d00000, 0x0000000694d00000| Untracked 
| 304|0x0000000694e00000, 0x0000000694e00000, 0x0000000694f00000|  0%| F|  |TAMS 0x0000000694e00000, 0x0000000694e00000| Untracked 
| 305|0x0000000694f00000, 0x0000000694f00000, 0x0000000695000000|  0%| F|  |TAMS 0x0000000694f00000, 0x0000000694f00000| Untracked 
| 306|0x0000000695000000, 0x0000000695000000, 0x0000000695100000|  0%| F|  |TAMS 0x0000000695000000, 0x0000000695000000| Untracked 
| 307|0x0000000695100000, 0x0000000695100000, 0x0000000695200000|  0%| F|  |TAMS 0x0000000695100000, 0x0000000695100000| Untracked 
| 308|0x0000000695200000, 0x0000000695200000, 0x0000000695300000|  0%| F|  |TAMS 0x0000000695200000, 0x0000000695200000| Untracked 
| 309|0x0000000695300000, 0x0000000695300000, 0x0000000695400000|  0%| F|  |TAMS 0x0000000695300000, 0x0000000695300000| Untracked 
| 310|0x0000000695400000, 0x0000000695400000, 0x0000000695500000|  0%| F|  |TAMS 0x0000000695400000, 0x0000000695400000| Untracked 
| 311|0x0000000695500000, 0x0000000695500000, 0x0000000695600000|  0%| F|  |TAMS 0x0000000695500000, 0x0000000695500000| Untracked 
| 312|0x0000000695600000, 0x0000000695600000, 0x0000000695700000|  0%| F|  |TAMS 0x0000000695600000, 0x0000000695600000| Untracked 
| 313|0x0000000695700000, 0x0000000695700000, 0x0000000695800000|  0%| F|  |TAMS 0x0000000695700000, 0x0000000695700000| Untracked 
| 314|0x0000000695800000, 0x0000000695800000, 0x0000000695900000|  0%| F|  |TAMS 0x0000000695800000, 0x0000000695800000| Untracked 
| 315|0x0000000695900000, 0x0000000695900000, 0x0000000695a00000|  0%| F|  |TAMS 0x0000000695900000, 0x0000000695900000| Untracked 
| 316|0x0000000695a00000, 0x0000000695a00000, 0x0000000695b00000|  0%| F|  |TAMS 0x0000000695a00000, 0x0000000695a00000| Untracked 
| 317|0x0000000695b00000, 0x0000000695b00000, 0x0000000695c00000|  0%| F|  |TAMS 0x0000000695b00000, 0x0000000695b00000| Untracked 
| 318|0x0000000695c00000, 0x0000000695c00000, 0x0000000695d00000|  0%| F|  |TAMS 0x0000000695c00000, 0x0000000695c00000| Untracked 
| 319|0x0000000695d00000, 0x0000000695d00000, 0x0000000695e00000|  0%| F|  |TAMS 0x0000000695d00000, 0x0000000695d00000| Untracked 
| 320|0x0000000695e00000, 0x0000000695e00000, 0x0000000695f00000|  0%| F|  |TAMS 0x0000000695e00000, 0x0000000695e00000| Untracked 
| 321|0x0000000695f00000, 0x0000000695f00000, 0x0000000696000000|  0%| F|  |TAMS 0x0000000695f00000, 0x0000000695f00000| Untracked 
| 322|0x0000000696000000, 0x0000000696000000, 0x0000000696100000|  0%| F|  |TAMS 0x0000000696000000, 0x0000000696000000| Untracked 
| 323|0x0000000696100000, 0x0000000696100000, 0x0000000696200000|  0%| F|  |TAMS 0x0000000696100000, 0x0000000696100000| Untracked 
| 324|0x0000000696200000, 0x0000000696200000, 0x0000000696300000|  0%| F|  |TAMS 0x0000000696200000, 0x0000000696200000| Untracked 
| 325|0x0000000696300000, 0x0000000696300000, 0x0000000696400000|  0%| F|  |TAMS 0x0000000696300000, 0x0000000696300000| Untracked 
| 326|0x0000000696400000, 0x0000000696400000, 0x0000000696500000|  0%| F|  |TAMS 0x0000000696400000, 0x0000000696400000| Untracked 
| 327|0x0000000696500000, 0x0000000696500000, 0x0000000696600000|  0%| F|  |TAMS 0x0000000696500000, 0x0000000696500000| Untracked 
| 328|0x0000000696600000, 0x0000000696600000, 0x0000000696700000|  0%| F|  |TAMS 0x0000000696600000, 0x0000000696600000| Untracked 
| 329|0x0000000696700000, 0x0000000696700000, 0x0000000696800000|  0%| F|  |TAMS 0x0000000696700000, 0x0000000696700000| Untracked 
| 330|0x0000000696800000, 0x0000000696800000, 0x0000000696900000|  0%| F|  |TAMS 0x0000000696800000, 0x0000000696800000| Untracked 
| 331|0x0000000696900000, 0x0000000696900000, 0x0000000696a00000|  0%| F|  |TAMS 0x0000000696900000, 0x0000000696900000| Untracked 
| 332|0x0000000696a00000, 0x0000000696a00000, 0x0000000696b00000|  0%| F|  |TAMS 0x0000000696a00000, 0x0000000696a00000| Untracked 
| 333|0x0000000696b00000, 0x0000000696b00000, 0x0000000696c00000|  0%| F|  |TAMS 0x0000000696b00000, 0x0000000696b00000| Untracked 
| 334|0x0000000696c00000, 0x0000000696c00000, 0x0000000696d00000|  0%| F|  |TAMS 0x0000000696c00000, 0x0000000696c00000| Untracked 
| 335|0x0000000696d00000, 0x0000000696d00000, 0x0000000696e00000|  0%| F|  |TAMS 0x0000000696d00000, 0x0000000696d00000| Untracked 
| 336|0x0000000696e00000, 0x0000000696e00000, 0x0000000696f00000|  0%| F|  |TAMS 0x0000000696e00000, 0x0000000696e00000| Untracked 
| 337|0x0000000696f00000, 0x0000000696f00000, 0x0000000697000000|  0%| F|  |TAMS 0x0000000696f00000, 0x0000000696f00000| Untracked 
| 338|0x0000000697000000, 0x0000000697000000, 0x0000000697100000|  0%| F|  |TAMS 0x0000000697000000, 0x0000000697000000| Untracked 
| 339|0x0000000697100000, 0x0000000697100000, 0x0000000697200000|  0%| F|  |TAMS 0x0000000697100000, 0x0000000697100000| Untracked 
| 340|0x0000000697200000, 0x0000000697200000, 0x0000000697300000|  0%| F|  |TAMS 0x0000000697200000, 0x0000000697200000| Untracked 
| 341|0x0000000697300000, 0x0000000697300000, 0x0000000697400000|  0%| F|  |TAMS 0x0000000697300000, 0x0000000697300000| Untracked 
| 342|0x0000000697400000, 0x0000000697400000, 0x0000000697500000|  0%| F|  |TAMS 0x0000000697400000, 0x0000000697400000| Untracked 
| 343|0x0000000697500000, 0x0000000697500000, 0x0000000697600000|  0%| F|  |TAMS 0x0000000697500000, 0x0000000697500000| Untracked 
| 344|0x0000000697600000, 0x0000000697600000, 0x0000000697700000|  0%| F|  |TAMS 0x0000000697600000, 0x0000000697600000| Untracked 
| 345|0x0000000697700000, 0x0000000697700000, 0x0000000697800000|  0%| F|  |TAMS 0x0000000697700000, 0x0000000697700000| Untracked 
| 346|0x0000000697800000, 0x0000000697800000, 0x0000000697900000|  0%| F|  |TAMS 0x0000000697800000, 0x0000000697800000| Untracked 
| 347|0x0000000697900000, 0x0000000697900000, 0x0000000697a00000|  0%| F|  |TAMS 0x0000000697900000, 0x0000000697900000| Untracked 
| 348|0x0000000697a00000, 0x0000000697a63880, 0x0000000697b00000| 38%| S|CS|TAMS 0x0000000697a00000, 0x0000000697a00000| Complete 
| 349|0x0000000697b00000, 0x0000000697c00000, 0x0000000697c00000|100%| S|CS|TAMS 0x0000000697b00000, 0x0000000697b00000| Complete 
| 350|0x0000000697c00000, 0x0000000697d00000, 0x0000000697d00000|100%| S|CS|TAMS 0x0000000697c00000, 0x0000000697c00000| Complete 
| 351|0x0000000697d00000, 0x0000000697e00000, 0x0000000697e00000|100%| S|CS|TAMS 0x0000000697d00000, 0x0000000697d00000| Complete 
| 352|0x0000000697e00000, 0x0000000697f00000, 0x0000000697f00000|100%| S|CS|TAMS 0x0000000697e00000, 0x0000000697e00000| Complete 
| 353|0x0000000697f00000, 0x0000000697f00000, 0x0000000698000000|  0%| F|  |TAMS 0x0000000697f00000, 0x0000000697f00000| Untracked 
| 354|0x0000000698000000, 0x0000000698000000, 0x0000000698100000|  0%| F|  |TAMS 0x0000000698000000, 0x0000000698000000| Untracked 
| 355|0x0000000698100000, 0x0000000698100000, 0x0000000698200000|  0%| F|  |TAMS 0x0000000698100000, 0x0000000698100000| Untracked 
| 356|0x0000000698200000, 0x0000000698200000, 0x0000000698300000|  0%| F|  |TAMS 0x0000000698200000, 0x0000000698200000| Untracked 
| 357|0x0000000698300000, 0x0000000698300000, 0x0000000698400000|  0%| F|  |TAMS 0x0000000698300000, 0x0000000698300000| Untracked 
| 358|0x0000000698400000, 0x0000000698400000, 0x0000000698500000|  0%| F|  |TAMS 0x0000000698400000, 0x0000000698400000| Untracked 
| 359|0x0000000698500000, 0x0000000698500000, 0x0000000698600000|  0%| F|  |TAMS 0x0000000698500000, 0x0000000698500000| Untracked 
| 360|0x0000000698600000, 0x0000000698600000, 0x0000000698700000|  0%| F|  |TAMS 0x0000000698600000, 0x0000000698600000| Untracked 
| 361|0x0000000698700000, 0x0000000698700000, 0x0000000698800000|  0%| F|  |TAMS 0x0000000698700000, 0x0000000698700000| Untracked 
| 362|0x0000000698800000, 0x0000000698800000, 0x0000000698900000|  0%| F|  |TAMS 0x0000000698800000, 0x0000000698800000| Untracked 
| 363|0x0000000698900000, 0x0000000698900000, 0x0000000698a00000|  0%| F|  |TAMS 0x0000000698900000, 0x0000000698900000| Untracked 
| 364|0x0000000698a00000, 0x0000000698a00000, 0x0000000698b00000|  0%| F|  |TAMS 0x0000000698a00000, 0x0000000698a00000| Untracked 
| 365|0x0000000698b00000, 0x0000000698b00000, 0x0000000698c00000|  0%| F|  |TAMS 0x0000000698b00000, 0x0000000698b00000| Untracked 
| 366|0x0000000698c00000, 0x0000000698c00000, 0x0000000698d00000|  0%| F|  |TAMS 0x0000000698c00000, 0x0000000698c00000| Untracked 
| 367|0x0000000698d00000, 0x0000000698d00000, 0x0000000698e00000|  0%| F|  |TAMS 0x0000000698d00000, 0x0000000698d00000| Untracked 
| 368|0x0000000698e00000, 0x0000000698e00000, 0x0000000698f00000|  0%| F|  |TAMS 0x0000000698e00000, 0x0000000698e00000| Untracked 
| 369|0x0000000698f00000, 0x0000000698f00000, 0x0000000699000000|  0%| F|  |TAMS 0x0000000698f00000, 0x0000000698f00000| Untracked 
| 370|0x0000000699000000, 0x0000000699000000, 0x0000000699100000|  0%| F|  |TAMS 0x0000000699000000, 0x0000000699000000| Untracked 
| 371|0x0000000699100000, 0x0000000699100000, 0x0000000699200000|  0%| F|  |TAMS 0x0000000699100000, 0x0000000699100000| Untracked 
| 372|0x0000000699200000, 0x0000000699200000, 0x0000000699300000|  0%| F|  |TAMS 0x0000000699200000, 0x0000000699200000| Untracked 
| 373|0x0000000699300000, 0x0000000699300000, 0x0000000699400000|  0%| F|  |TAMS 0x0000000699300000, 0x0000000699300000| Untracked 
| 374|0x0000000699400000, 0x0000000699400000, 0x0000000699500000|  0%| F|  |TAMS 0x0000000699400000, 0x0000000699400000| Untracked 
| 375|0x0000000699500000, 0x0000000699500000, 0x0000000699600000|  0%| F|  |TAMS 0x0000000699500000, 0x0000000699500000| Untracked 
| 376|0x0000000699600000, 0x0000000699600000, 0x0000000699700000|  0%| F|  |TAMS 0x0000000699600000, 0x0000000699600000| Untracked 
| 377|0x0000000699700000, 0x0000000699700000, 0x0000000699800000|  0%| F|  |TAMS 0x0000000699700000, 0x0000000699700000| Untracked 
| 378|0x0000000699800000, 0x0000000699800000, 0x0000000699900000|  0%| F|  |TAMS 0x0000000699800000, 0x0000000699800000| Untracked 
| 379|0x0000000699900000, 0x0000000699900000, 0x0000000699a00000|  0%| F|  |TAMS 0x0000000699900000, 0x0000000699900000| Untracked 
| 380|0x0000000699a00000, 0x0000000699a00000, 0x0000000699b00000|  0%| F|  |TAMS 0x0000000699a00000, 0x0000000699a00000| Untracked 
| 381|0x0000000699b00000, 0x0000000699b00000, 0x0000000699c00000|  0%| F|  |TAMS 0x0000000699b00000, 0x0000000699b00000| Untracked 
| 382|0x0000000699c00000, 0x0000000699c00000, 0x0000000699d00000|  0%| F|  |TAMS 0x0000000699c00000, 0x0000000699c00000| Untracked 
| 383|0x0000000699d00000, 0x0000000699d00000, 0x0000000699e00000|  0%| F|  |TAMS 0x0000000699d00000, 0x0000000699d00000| Untracked 

Card table byte_map: [0x000001cb74ad0000,0x000001cb756d0000] _byte_map_base: 0x000001cb716c1000

Marking Bits (Prev, Next): (CMBitMap*) 0x000001cb5a6bbed8, (CMBitMap*) 0x000001cb5a6bbf10
 Prev Bits: [0x000001cb762d0000, 0x000001cb7c258000)
 Next Bits: [0x000001cb00000000, 0x000001cb05f88000)

Polling page: 0x000001cb5a6d0000

Metaspace:

Usage:
  Non-class:     16.47 MB capacity,    16.19 MB ( 98%) used,   229.80 KB (  1%) free+waste,    51.00 KB ( <1%) overhead. 
      Class:      2.30 MB capacity,     2.12 MB ( 92%) used,   157.83 KB (  7%) free+waste,    25.88 KB (  1%) overhead. 
       Both:     18.77 MB capacity,    18.32 MB ( 98%) used,   387.63 KB (  2%) free+waste,    76.88 KB ( <1%) overhead. 

Virtual space:
  Non-class space:       30.00 MB reserved,      16.50 MB ( 55%) committed 
      Class space:        1.00 GB reserved,       2.38 MB ( <1%) committed 
             Both:        1.03 GB reserved,      18.88 MB (  2%) committed 

Chunk freelists:
   Non-Class:  4.13 KB
       Class:  1.38 KB
        Both:  5.50 KB

CodeHeap 'non-profiled nmethods': size=238336Kb used=2623Kb max_used=2623Kb free=235712Kb
 bounds [0x000001cb64bb0000, 0x000001cb64e40000, 0x000001cb73470000]
CodeHeap 'non-nmethods': size=7424Kb used=2816Kb max_used=2816Kb free=4608Kb
 bounds [0x000001cb64470000, 0x000001cb64730000, 0x000001cb64bb0000]
 total_blobs=2201 nmethods=1748 adapters=360
 compilation: disabled (not enough contiguous free space left)
              stopped_count=1, restarted_count=0
 full_count=2

Compilation events (10 events):
Event: 2.220 Thread 0x000001cb7f9c3800 nmethod 1746 0x000001cb64e3e590 code [0x000001cb64e3e760, 0x000001cb64e3e930]
Event: 2.220 Thread 0x000001cb7f9c6800 nmethod 1744 0x000001cb64e3ea90 code [0x000001cb64e3ec80, 0x000001cb64e3f090]
Event: 2.220 Thread 0x000001cb7f881800 1747       1       org.springframework.boot.context.properties.source.SpringConfigurationPropertySource::getUnderlyingSource (5 bytes)
Event: 2.220 Thread 0x000001cb7f881800 nmethod 1747 0x000001cb64e3f390 code [0x000001cb64e3f540, 0x000001cb64e3f658]
Event: 2.221 Thread 0x000001cb7f881800 1748       1       org.springframework.boot.context.properties.source.ConfigurationPropertyName::fastElementEquals (69 bytes)
Event: 2.221 Thread 0x000001cb7f881800 nmethod 1748 0x000001cb64e3f710 code [0x000001cb64e3f900, 0x000001cb64e3fb60]
Event: 2.221 Thread 0x000001cb7f9c6000 1749   !   1       jdk.internal.loader.BuiltinClassLoader::findResource (154 bytes)
Event: 2.221 Thread 0x000001cb7f9c3800 1750       1       jdk.internal.loader.BuiltinClassLoader::findResourceOnClassPath (41 bytes)
Event: 2.221 Thread 0x000001cb7f9c3800 

Event: 2.222 Thread 0x000001cb7f9c6000 


GC Heap History (4 events):
Event: 2.047 GC heap before
{Heap before GC invocations=0 (full 0):
 garbage-first heap   total 393216K, used 24576K [0x0000000681e00000, 0x0000000800000000)
  region size 1024K, 24 young (24576K), 0 survivors (0K)
 Metaspace       used 14027K, capacity 14394K, committed 14720K, reserved 1062912K
  class space    used 1475K, capacity 1592K, committed 1664K, reserved 1048576K
}
Event: 2.053 GC heap after
{Heap after GC invocations=1 (full 0):
 garbage-first heap   total 393216K, used 7566K [0x0000000681e00000, 0x0000000800000000)
  region size 1024K, 3 young (3072K), 3 survivors (3072K)
 Metaspace       used 14027K, capacity 14394K, committed 14720K, reserved 1062912K
  class space    used 1475K, capacity 1592K, committed 1664K, reserved 1048576K
}
Event: 2.238 GC heap before
{Heap before GC invocations=1 (full 0):
 garbage-first heap   total 393216K, used 35214K [0x0000000681e00000, 0x0000000800000000)
  region size 1024K, 31 young (31744K), 3 survivors (3072K)
 Metaspace       used 18755K, capacity 19220K, committed 19328K, reserved 1077248K
  class space    used 2173K, capacity 2357K, committed 2432K, reserved 1048576K
}
Event: 2.242 GC heap after
{Heap after GC invocations=2 (full 0):
 garbage-first heap   total 393216K, used 8988K [0x0000000681e00000, 0x0000000800000000)
  region size 1024K, 5 young (5120K), 5 survivors (5120K)
 Metaspace       used 18755K, capacity 19220K, committed 19328K, reserved 1077248K
  class space    used 2173K, capacity 2357K, committed 2432K, reserved 1048576K
}

Deoptimization events (0 events):
No events

Classes redefined (0 events):
No events

Internal exceptions (10 events):
Event: 2.154 Thread 0x000001cb5a638000 Exception <a 'java/lang/NoSuchMethodError'{0x000000069917b0d0}: java.lang.invoke.DirectMethodHandle$Holder.invokeSpecial(Ljava/lang/Object;Ljava/lang/Object;Ljava/lang/Object;Ljava/lang/Object;Ljava/lang/Object;Ljava/lang/Object;)V> (0x000000069917b0d0) t
Event: 2.155 Thread 0x000001cb5a638000 Exception <a 'java/lang/NoSuchMethodError'{0x000000069900e3a0}: java.lang.invoke.Invokers$Holder.linkToTargetMethod(Ljava/lang/Object;Ljava/lang/Object;Ljava/lang/Object;Ljava/lang/Object;Ljava/lang/Object;Ljava/lang/Object;)Ljava/lang/Object;> (0x0000000
Event: 2.155 Thread 0x000001cb5a638000 Exception <a 'java/lang/NoSuchMethodError'{0x0000000699011d10}: java.lang.invoke.DirectMethodHandle$Holder.invokeSpecial(Ljava/lang/Object;Ljava/lang/Object;Ljava/lang/Object;Ljava/lang/Object;)I> (0x0000000699011d10) thrown at [t:/workspace/open/src/hots
Event: 2.178 Thread 0x000001cb5a638000 Exception <a 'java/lang/NoSuchMethodError'{0x0000000698db7a78}: java.lang.invoke.DirectMethodHandle$Holder.invokeSpecial(Ljava/lang/Object;Ljava/lang/Object;Ljava/lang/Object;Ljava/lang/Object;Ljava/lang/Object;Ljava/lang/Object;I)Ljava/lang/Object;> (0x0
Event: 2.179 Thread 0x000001cb5a638000 Exception <a 'java/lang/NoSuchMethodError'{0x0000000698dc14d8}: java.lang.invoke.DirectMethodHandle$Holder.invokeSpecial(Ljava/lang/Object;Ljava/lang/Object;Ljava/lang/Object;Ljava/lang/Object;Ljava/lang/Object;Ljava/lang/Object;Ljava/lang/Object;I)Ljava/
Event: 2.179 Thread 0x000001cb5a638000 Exception <a 'java/lang/NoSuchMethodError'{0x0000000698dc5380}: java.lang.invoke.Invokers$Holder.linkToTargetMethod(Ljava/lang/Object;Ljava/lang/Object;Ljava/lang/Object;Ljava/lang/Object;Ljava/lang/Object;ILjava/lang/Object;)Ljava/lang/Object;> (0x000000
Event: 2.180 Thread 0x000001cb5a638000 Exception <a 'java/lang/NoSuchMethodError'{0x0000000698dd42f8}: java.lang.invoke.DirectMethodHandle$Holder.invokeStatic(Ljava/lang/Object;Ljava/lang/Object;Ljava/lang/Object;Ljava/lang/Object;)V> (0x0000000698dd42f8) thrown at [t:/workspace/open/src/hotsp
Event: 2.203 Thread 0x000001cb5a638000 Exception <a 'java/lang/NoSuchMethodError'{0x0000000698856d48}: java.lang.invoke.DirectMethodHandle$Holder.invokeSpecialIFC(Ljava/lang/Object;Ljava/lang/Object;I)I> (0x0000000698856d48) thrown at [t:/workspace/open/src/hotspot/share/interpreter/linkResolv
Event: 2.209 Thread 0x000001cb5a638000 Exception <a 'java/lang/NoSuchMethodError'{0x0000000698744070}: java.lang.invoke.DirectMethodHandle$Holder.invokeStatic(Ljava/lang/Object;Ljava/lang/Object;I)V> (0x0000000698744070) thrown at [t:/workspace/open/src/hotspot/share/interpreter/linkResolver.c
Event: 2.210 Thread 0x000001cb5a638000 Exception <a 'java/lang/NoSuchMethodError'{0x000000069874b5a0}: java.lang.invoke.DirectMethodHandle$Holder.invokeStaticInit(Ljava/lang/Object;Ljava/lang/Object;)V> (0x000000069874b5a0) thrown at [t:/workspace/open/src/hotspot/share/interpreter/linkResolve

Events (10 events):
Event: 2.237 loading class org/hibernate/validator/internal/constraintvalidators/bv/NotNullValidator done
Event: 2.237 loading class ch/qos/logback/core/pattern/color/GreenCompositeConverter
Event: 2.237 loading class ch/qos/logback/core/pattern/color/GreenCompositeConverter done
Event: 2.237 loading class ch/qos/logback/core/pattern/color/YellowCompositeConverter
Event: 2.237 loading class ch/qos/logback/core/pattern/color/YellowCompositeConverter done
Event: 2.237 loading class javax/validation/constraints/Null
Event: 2.237 loading class javax/validation/constraints/Null done
Event: 2.237 loading class ch/qos/logback/core/pattern/color/BlueCompositeConverter
Event: 2.237 loading class ch/qos/logback/core/pattern/color/BlueCompositeConverter done
Event: 2.238 Executing VM operation: CollectForMetadataAllocation


Dynamic libraries:
0x00007ff7ffac0000 - 0x00007ff7ffb05000 	C:\Program Files\Java\jdk-11.0.2\bin\java.exe
0x000001cb5a300000 - 0x000001cb5a4f5000 	C:\WINDOWS\SYSTEM32\ntd1l.dll
0x000001cb5a500000 - 0x000001cb5a5bd000 	C:\WINDOWS\System32\kern3l32.dll
0x00007ffa25170000 - 0x00007ffa25365000 	C:\WINDOWS\SYSTEM32\ntdll.dll
0x00007ffa23dc0000 - 0x00007ffa23e7d000 	C:\WINDOWS\System32\KERNEL32.DLL
0x00007ffa22e80000 - 0x00007ffa23149000 	C:\WINDOWS\System32\KERNELBASE.dll
0x00007ffa22480000 - 0x00007ffa2269f000 	C:\Program Files\SentinelOne\Sentinel Agent 4.6.11.191\InProcessClient64.dll
0x00007ffa248a0000 - 0x00007ffa2494c000 	C:\WINDOWS\System32\ADVAPI32.dll
0x00007ffa24960000 - 0x00007ffa249fe000 	C:\WINDOWS\System32\msvcrt.dll
0x00007ffa24a00000 - 0x00007ffa24a9c000 	C:\WINDOWS\System32\sechost.dll
0x00007ffa24b70000 - 0x00007ffa24c9b000 	C:\WINDOWS\System32\RPCRT4.dll
0x00007ffa234d0000 - 0x00007ffa23670000 	C:\WINDOWS\System32\USER32.dll
0x00007ffa23180000 - 0x00007ffa231a2000 	C:\WINDOWS\System32\win32u.dll
0x00007ffa23e80000 - 0x00007ffa23eaa000 	C:\WINDOWS\System32\GDI32.dll
0x00007ffa228f0000 - 0x00007ffa229fb000 	C:\WINDOWS\System32\gdi32full.dll
0x00007ffa22c80000 - 0x00007ffa22d1d000 	C:\WINDOWS\System32\msvcp_win.dll
0x00007ffa22b80000 - 0x00007ffa22c80000 	C:\WINDOWS\System32\ucrtbase.dll
0x00007ffa11570000 - 0x00007ffa1180a000 	C:\WINDOWS\WinSxS\amd64_microsoft.windows.common-controls_6595b64144ccf1df_6.0.19041.844_none_ca00b6081b84eb1d\COMCTL32.dll
0x00007ffa22470000 - 0x00007ffa2247a000 	C:\WINDOWS\SYSTEM32\VERSION.dll
0x00007ffa24390000 - 0x00007ffa243c0000 	C:\WINDOWS\System32\IMM32.DLL
0x00007ffa1ff10000 - 0x00007ffa1ff26000 	C:\Program Files\Java\jdk-11.0.2\bin\vcruntime140.dll
0x00007ff9ef0e0000 - 0x00007ff9ef18a000 	C:\Program Files\Java\jdk-11.0.2\bin\msvcp140.dll
0x00007ff9afa00000 - 0x00007ff9b0523000 	C:\Program Files\Java\jdk-11.0.2\bin\server\jvm.dll
0x00007ffa234c0000 - 0x00007ffa234c8000 	C:\WINDOWS\System32\PSAPI.DLL
0x00007ffa0cc50000 - 0x00007ffa0cc59000 	C:\WINDOWS\SYSTEM32\WSOCK32.dll
0x00007ffa23350000 - 0x00007ffa233bb000 	C:\WINDOWS\System32\WS2_32.dll
0x00007ffa18a60000 - 0x00007ffa18a87000 	C:\WINDOWS\SYSTEM32\WINMM.dll
0x00007ffa20530000 - 0x00007ffa20542000 	C:\WINDOWS\SYSTEM32\kernel.appcore.dll
0x00007ffa1fef0000 - 0x00007ffa1ff01000 	C:\Program Files\Java\jdk-11.0.2\bin\verify.dll
0x00007ffa10630000 - 0x00007ffa10814000 	C:\WINDOWS\SYSTEM32\DBGHELP.DLL
0x00007ffa0cd00000 - 0x00007ffa0cd2c000 	C:\WINDOWS\SYSTEM32\dbgcore.DLL
0x00007ffa22a00000 - 0x00007ffa22a80000 	C:\WINDOWS\System32\bcryptPrimitives.dll
0x00007ffa1fec0000 - 0x00007ffa1fee8000 	C:\Program Files\Java\jdk-11.0.2\bin\java.dll
0x00007ffa123e0000 - 0x00007ffa1240f000 	C:\Program Files\Java\jdk-11.0.2\bin\instrument.dll
0x00007ffa1fc50000 - 0x00007ffa1fc66000 	C:\Program Files\Java\jdk-11.0.2\bin\zip.dll
0x00007ffa1cb30000 - 0x00007ffa1cb3a000 	C:\Program Files\Java\jdk-11.0.2\bin\jimage.dll
0x00007ffa23670000 - 0x00007ffa23db2000 	C:\WINDOWS\System32\SHELL32.dll
0x00007ffa20730000 - 0x00007ffa20ec0000 	C:\WINDOWS\SYSTEM32\windows.storage.dll
0x00007ffa23f60000 - 0x00007ffa242b5000 	C:\WINDOWS\System32\combase.dll
0x00007ffa220e0000 - 0x00007ffa2210c000 	C:\WINDOWS\SYSTEM32\Wldp.dll
0x00007ffa24ac0000 - 0x00007ffa24b6e000 	C:\WINDOWS\System32\SHCORE.dll
0x00007ffa23210000 - 0x00007ffa23265000 	C:\WINDOWS\System32\shlwapi.dll
0x00007ffa22830000 - 0x00007ffa2284f000 	C:\WINDOWS\SYSTEM32\profapi.dll
0x00007ffa13560000 - 0x00007ffa13579000 	C:\Program Files\Java\jdk-11.0.2\bin\net.dll
0x00007ffa21700000 - 0x00007ffa2180c000 	C:\WINDOWS\SYSTEM32\WINHTTP.dll
0x00007ffa179c0000 - 0x00007ffa17bae000 	C:\WINDOWS\SYSTEM32\urlmon.dll
0x00007ffa16420000 - 0x00007ffa166d0000 	C:\WINDOWS\SYSTEM32\iertutil.dll
0x00007ffa21e30000 - 0x00007ffa21e9a000 	C:\WINDOWS\system32\mswsock.dll
0x00007ffa12410000 - 0x00007ffa12423000 	C:\Program Files\Java\jdk-11.0.2\bin\nio.dll
0x00007ffa122e0000 - 0x00007ffa122fa000 	C:\Program Files\IntelliJ IDEA 2021.1\bin\breakgen64.dll
0x00007ffa21b20000 - 0x00007ffa21beb000 	C:\WINDOWS\SYSTEM32\DNSAPI.dll
0x00007ffa21ad0000 - 0x00007ffa21b0b000 	C:\WINDOWS\SYSTEM32\IPHLPAPI.DLL
0x00007ffa24950000 - 0x00007ffa24958000 	C:\WINDOWS\System32\NSI.dll
0x00007ffa19a80000 - 0x00007ffa19a8a000 	C:\Windows\System32\rasadhlp.dll
0x00007ffa1d470000 - 0x00007ffa1d4ef000 	C:\WINDOWS\System32\fwpuclnt.dll
0x00007ffa23150000 - 0x00007ffa23177000 	C:\WINDOWS\System32\bcrypt.dll
0x00007ffa12cc0000 - 0x00007ffa12cc9000 	C:\Program Files\Java\jdk-11.0.2\bin\management.dll
0x00007ffa12490000 - 0x00007ffa1249c000 	C:\Program Files\Java\jdk-11.0.2\bin\management_ext.dll
0x00007ffa22010000 - 0x00007ffa22028000 	C:\WINDOWS\SYSTEM32\CRYPTSP.dll
0x00007ffa21670000 - 0x00007ffa216a4000 	C:\WINDOWS\system32\rsaenh.dll
0x00007ffa227f0000 - 0x00007ffa2281e000 	C:\WINDOWS\SYSTEM32\USERENV.dll
0x00007ffa22030000 - 0x00007ffa2203c000 	C:\WINDOWS\SYSTEM32\CRYPTBASE.dll
0x00007ffa1d0f0000 - 0x00007ffa1d107000 	C:\WINDOWS\SYSTEM32\dhcpcsvc6.DLL
0x00007ffa1d0d0000 - 0x00007ffa1d0ed000 	C:\WINDOWS\SYSTEM32\dhcpcsvc.DLL
0x00007ffa0ab20000 - 0x00007ffa0ab37000 	C:\WINDOWS\system32\napinsp.dll
0x00007ffa09780000 - 0x00007ffa0979b000 	C:\WINDOWS\system32\pnrpnsp.dll
0x00007ffa091b0000 - 0x00007ffa091c5000 	C:\WINDOWS\system32\wshbth.dll
0x00007ffa1fa60000 - 0x00007ffa1fa7d000 	C:\WINDOWS\system32\NLAapi.dll
0x00007ffa07fa0000 - 0x00007ffa07fb2000 	C:\WINDOWS\System32\winrnr.dll

dbghelp: loaded successfully - version: 4.0.5 - missing functions: none
symbol engine: initialized successfully - sym options: 0x614 - pdb path: .;C:\Program Files\Java\jdk-11.0.2\bin;C:\WINDOWS\SYSTEM32;C:\Program Files\SentinelOne\Sentinel Agent 4.6.11.191;C:\WINDOWS\WinSxS\amd64_microsoft.windows.common-controls_6595b64144ccf1df_6.0.19041.844_none_ca00b6081b84eb1d;C:\Program Files\Java\jdk-11.0.2\bin\server;C:\Program Files\IntelliJ IDEA 2021.1\bin

VM Arguments:
jvm_args: -XX:TieredStopAtLevel=1 -Xverify:none -Dspring.output.ansi.enabled=always -javaagent:C:\Program Files\IntelliJ IDEA 2021.1\lib\idea_rt.jar=55733:C:\Program Files\IntelliJ IDEA 2021.1\bin -Dcom.sun.management.jmxremote -Dspring.jmx.enabled=true -Dspring.liveBeansView.mbeanDomain -Dspring.application.admin.enabled=true -Dfile.encoding=UTF-8 
java_command: com.amarin.urlshortenerapi.UrlShortenerApiApplication
java_class_path (initial): C:\Users\kamil.galazka\IdeaProjects\UrlShortener-API\target\classes;C:\Users\kamil.galazka\.m2\repository\org\springframework\boot\spring-boot-starter-data-jpa\2.2.4.RELEASE\spring-boot-starter-data-jpa-2.2.4.RELEASE.jar;C:\Users\kamil.galazka\.m2\repository\org\springframework\boot\spring-boot-starter-aop\2.2.4.RELEASE\spring-boot-starter-aop-2.2.4.RELEASE.jar;C:\Users\kamil.galazka\.m2\repository\org\springframework\spring-aop\5.2.3.RELEASE\spring-aop-5.2.3.RELEASE.jar;C:\Users\kamil.galazka\.m2\repository\org\aspectj\aspectjweaver\1.9.5\aspectjweaver-1.9.5.jar;C:\Users\kamil.galazka\.m2\repository\org\springframework\boot\spring-boot-starter-jdbc\2.2.4.RELEASE\spring-boot-starter-jdbc-2.2.4.RELEASE.jar;C:\Users\kamil.galazka\.m2\repository\com\zaxxer\HikariCP\3.4.2\HikariCP-3.4.2.jar;C:\Users\kamil.galazka\.m2\repository\org\springframework\spring-jdbc\5.2.3.RELEASE\spring-jdbc-5.2.3.RELEASE.jar;C:\Users\kamil.galazka\.m2\repository\jakarta\activation\jakarta.activation-api\1.2.1\jakarta.activation-api-1.2.1.jar;C:\Users\kamil.galazka\.m2\repository\jakarta\persistence\jakarta.persistence-api\2.2.3\jakarta.persistence-api-2.2.3.jar;C:\Users\kamil.galazka\.m2\repository\jakarta\transaction\jakarta.transaction-api\1.3.3\jakarta.transaction-api-1.3.3.jar;C:\Users\kamil.galazka\.m2\repository\org\hibernate\hibernate-core\5.4.10.Final\hibernate-core-5.4.10.Final.jar;C:\Users\kamil.galazka\.m2\repository\org\jboss\logging\jboss-logging\3.4.1.Final\jboss-logging-3.4.1.Final.jar;C:\Users\kamil.galazka\.m2\repository\org\javassist\javassist\3.24.0-GA\javassist-3.24.0-GA.jar;C:\Users\kamil.galazka\.m2\repository\net\bytebuddy\byte-buddy\1.10.6\byte-buddy-1.10.6.jar;C:\Users\kamil.galazka\.m2\repository\antlr\antlr\2.7.7\antlr-2.7.7.jar;C:\Users\kamil.galazka\.m2\repository\org\jboss\jandex\2.1.1.Final\jandex-2.1.1.Final.jar;C:\Users\kamil.galazka\.m2\repository\org\dom4j\dom4j\2.1.1\dom4j-2.1.1.jar;C:\Users\kamil.galazka\.m2\repository\org\hibe
Launcher Type: SUN_STANDARD

[Global flags]
     bool BytecodeVerificationLocal                = false                                     {product} {command line}
     bool BytecodeVerificationRemote               = false                                     {product} {command line}
     intx CICompilerCount                          = 4                                         {product} {ergonomic}
     uint ConcGCThreads                            = 2                                         {product} {ergonomic}
     uint G1ConcRefinementThreads                  = 8                                         {product} {ergonomic}
   size_t G1HeapRegionSize                         = 1048576                                   {product} {ergonomic}
    uintx GCDrainStackTargetSize                   = 64                                        {product} {ergonomic}
   size_t InitialHeapSize                          = 402653184                                 {product} {ergonomic}
     bool ManagementServer                         = true                                      {product} {command line}
   size_t MarkStackSize                            = 4194304                                   {product} {ergonomic}
   size_t MaxHeapSize                              = 6410993664                                {product} {ergonomic}
   size_t MaxNewSize                               = 3846176768                                {product} {ergonomic}
   size_t MinHeapDeltaBytes                        = 1048576                                   {product} {ergonomic}
    uintx NonNMethodCodeHeapSize                   = 7549744                                {pd product} {ergonomic}
    uintx NonProfiledCodeHeapSize                  = 244108496                              {pd product} {ergonomic}
    uintx ProfiledCodeHeapSize                     = 0                                      {pd product} {ergonomic}
    uintx ReservedCodeCacheSize                    = 251658240                              {pd product} {ergonomic}
     bool SegmentedCodeCache                       = true                                      {product} {ergonomic}
     intx TieredStopAtLevel                        = 1                                         {product} {command line}
     bool UseCompressedClassPointers               = true                                 {lp64_product} {ergonomic}
     bool UseCompressedOops                        = true                                 {lp64_product} {ergonomic}
     bool UseG1GC                                  = true                                      {product} {ergonomic}
     bool UseLargePagesIndividualAllocation        = false                                  {pd product} {ergonomic}

Logging:
Log output configuration:
 #0: stdout all=warning uptime,level,tags
 #1: stderr all=off uptime,level,tags

Environment Variables:
JAVA_HOME=c:\Program Files\Java\jdk1.8.0_91
PATH=C:\Program Files (x86)\Gupta\Team Developer 7.0\Axis2c\lib;C:\ProgramData\Gupta\Team Developer 7.0\;C:\Program Files (x86)\Gupta\Team Developer 7.0;c:\SVN\INFOMEDICASRC\ADM\Trunk_7_0\GM\APP\GM\70\;C:\Program Files (x86)\Centura;C:\Program Files (x86)\Centura\Samples;C:\Program Files (x86)\Centura\Tutorial;C:\Program Files (x86)\Common Files\Oracle\Java\javapath;c:\Program Files\Java\jdk1.8.0_91\bin;C:\app\kamil.galazka\product\11.2.0\dbhome_1\bin;C:\ProgramData\Oracle\Java\javapath;C:\Program Files (x86)\Intel\iCLS Client\;C:\Program Files\Intel\iCLS Client\;C:\WINDOWS\system32;C:\WINDOWS;C:\WINDOWS\System32\Wbem;C:\WINDOWS\System32\WindowsPowerShell\v1.0\;C:\Program Files (x86)\Intel\Intel(R) Management Engine Components\DAL;C:\Program Files\Intel\Intel(R) Management Engine Components\DAL;C:\Program Files (x86)\Intel\Intel(R) Management Engine Components\IPT;C:\Program Files\Intel\Intel(R) Management Engine Components\IPT;C:\Program Files\TortoiseSVN\bin;C:\SVN_TRUNK4\INFOMEDICASRC\ADM\Trunk\FKK\RUN;c:\SVN_TRUNK4\INFOMEDICASRC\ADM\Trunk\ZP\RUN\RUN;c:\SVN_TRUNK4\INFOMEDICASRC\ADM\Trunk\COMMON\RUN;C:\Program Files\Microsoft\Web Platform Installer\;C:\Program Files (x86)\Microsoft ASP.NET\ASP.NET Web Pages\v1.0\;C:\Program Files (x86)\Windows Kits\8.0\Windows Performance Toolkit\;C:\Program Files\Microsoft SQL Server\110\Tools\Binn\;C:\Program Files\OpenVPN\bin;C:\Program Files\Git\cmd;c:\Lokalnie\nauka\downloads\frameworki\apache-ant-1.10.3\bin\;C:\WINDOWS\System32\OpenSSH\;C:\Program Files\nodejs\;C:\Users\kamil.galazka\AppData\Local\Microsoft\WindowsApps;C:\Users\kamil.galazka\AppData\Roaming\npm
USERNAME=Kamil.Galazka
OS=Windows_NT
PROCESSOR_IDENTIFIER=Intel64 Family 6 Model 60 Stepping 3, GenuineIntel



---------------  S Y S T E M  ---------------

OS: Windows 10 , 64 bit Build 19041 (10.0.19041.804)

CPU:total 8 (initial active 8) (4 cores per cpu, 2 threads per core) family 6 model 60 stepping 3, cmov, cx8, fxsr, mmx, sse, sse2, sse3, ssse3, sse4.1, sse4.2, popcnt, avx, avx2, aes, clmul, erms, lzcnt, ht, tsc, tscinvbit, bmi1, bmi2, fma

Memory: 4k page, system-wide physical 24448M (4193M free)
TotalPageFile size 24448M (AvailPageFile size 3M)
current process WorkingSet (physical memory assigned to process): 112M, peak: 112M
current process commit charge ("private bytes"): 500M, peak: 501M

vm_info: OpenJDK 64-Bit Server VM (11.0.2+9) for windows-amd64 JRE (11.0.2+9), built on Jan 18 2019 05:23:22 by "mach5one" with MS VC++ 15.5 (VS2017)

END.
